Sequence		tRNA  	Bounds	tRNA	Anti	Intron Bounds	Inf	HMM	2'Str	Hit	      	Isotype	Isotype
Name    	tRNA #	Begin 	End   	Type	Codon	Begin	End	Score	Score	Score	Origin	Pseudo	CM	Score
--------	------	----  	------	----	-----	-----	----	------	-----	-----	------	------	-------	-------
chrI    	1	139152	139254	Pro	TGG	139188	139218	62.1	37.90	24.20	Inf	No	Pro	112.2
chrI    	2	166267	166339	Ala	TGC	0	0	76.0	53.40	22.60	Inf	No	Ala	83.5
chrI    	3	181141	181254	Leu	CAA	181179	181210	57.5	27.00	30.50	Inf	No	Leu	101.7
chrI    	4	182603	182522	Ser	AGA	0	0	83.1	49.70	33.40	Inf	No	Ser	119.4
chrII   	1	9583  	9666  	Leu	TAA	0	0	75.2	45.30	29.90	Inf	No	Leu	104.8
chrII   	2	36398 	36488 	Phe	GAA	36435	36452	70.7	41.90	28.80	Inf	No	Phe	110.2
chrII   	3	197494	197567	Ile	AAT	0	0	71.4	41.60	29.80	Inf	No	Ile	86.4
chrII   	4	227075	227156	Ser	AGA	0	0	83.1	49.70	33.40	Inf	No	Ser	119.4
chrII   	5	266378	266450	Thr	AGT	0	0	76.0	48.80	27.20	Inf	No	Thr	88.7
chrII   	6	347603	347686	Leu	TAA	0	0	75.2	45.30	29.90	Inf	No	Leu	104.8
chrII   	7	350827	350898	Gln	TTG	0	0	63.7	38.00	25.70	Inf	No	Gln	91.5
chrII   	8	405878	405949	Arg	TCT	0	0	67.3	46.90	20.40	Inf	No	Arg	93.6
chrII   	9	405960	406031	Asp	GTC	0	0	56.4	30.20	26.20	Inf	No	Asp	79.9
chrII   	10	645167	645238	Glu	TTC	0	0	60.3	28.30	32.00	Inf	No	Glu	83.2
chrII   	11	643078	643007	Cys	GCA	0	0	78.6	53.00	25.60	Inf	No	Cys	85.5
chrII   	12	326865	326792	Val	TAC	0	0	70.3	43.40	26.90	Inf	No	Val	82.5
chrII   	13	197699	197629	Gly	GCC	0	0	62.0	31.90	30.10	Inf	No	Gly	90.9
chrIII  	1	90859 	90972 	Leu	CAA	90897	90928	57.5	27.00	30.50	Inf	No	Leu	101.7
chrIII  	2	127716	127789	Asn	GTT	0	0	75.6	49.00	26.60	Inf	No	Asn	98.5
chrIII  	3	149920	149991	Met	CAT	0	0	69.0	39.70	29.30	Inf	No	iMet	101.4
chrIII  	4	227942	228042	Ser	CGA	227979	227997	71.6	48.70	22.90	Inf	No	Ser	117.9
chrIII  	5	295484	295556	Thr	AGT	0	0	76.0	48.80	27.20	Inf	No	Thr	88.7
chrIII  	6	168372	168301	Gln	TTG	0	0	65.4	38.70	26.70	Inf	No	Gln	95.0
chrIII  	7	151356	151284	Lys	CTT	0	0	81.1	55.40	25.70	Inf	No	Asn	93.0
chrIII  	8	142771	142701	Gly	GCC	0	0	62.0	31.90	30.10	Inf	No	Gly	90.9
chrIII  	9	123648	123577	Pro	AGG	0	0	61.9	41.50	20.40	Inf	No	Pro	101.9
chrIII  	10	82533 	82462 	Glu	TTC	0	0	60.3	28.30	32.00	Inf	No	Glu	83.2
chrIV   	1	83548 	83618 	Gly	GCC	0	0	62.0	31.90	30.10	Inf	No	Gly	90.9
chrIV   	2	359577	359672	Lys	TTT	359614	359636	70.9	46.70	24.20	Inf	No	Lys	95.9
chrIV   	3	410379	410451	Ala	AGC	0	0	69.6	42.00	27.60	Inf	No	Ala	93.6
chrIV   	4	437772	437853	Ser	AGA	0	0	83.1	49.70	33.40	Inf	No	Ser	119.4
chrIV   	5	519743	519826	Leu	TAA	0	0	75.2	45.30	29.90	Inf	No	Leu	104.8
chrIV   	6	520972	521043	Gln	TTG	0	0	65.4	38.70	26.70	Inf	No	Gln	95.0
chrIV   	7	568882	568953	Arg	TCT	0	0	67.3	46.90	20.40	Inf	No	Arg	93.6
chrIV   	8	568964	569035	Asp	GTC	0	0	56.4	30.20	26.20	Inf	No	Asp	79.9
chrIV   	9	884361	884493	Ile	TAT	884398	884457	69.6	49.90	19.70	Inf	No	Ile	103.9
chrIV   	10	946312	946400	Tyr	GTA	946351	946364	61.3	27.00	34.30	Inf	No	Tyr	80.8
chrIV   	11	992832	992902	Gly	GCC	0	0	62.0	31.90	30.10	Inf	No	Gly	90.9
chrIV   	12	1175829	1175901	Met	CAT	0	0	69.9	53.70	16.20	Inf	No	Met	104.7
chrIV   	13	1201750	1201822	Lys	CTT	0	0	81.1	55.40	25.70	Inf	No	Asn	93.0
chrIV   	14	1305630	1305712	Ser	AGA	0	0	83.5	49.70	33.80	Inf	No	Ser	115.0
chrIV   	15	1461829	1461715	Leu	CAA	1461791	1461759	57.5	27.00	30.50	Inf	No	Leu	101.7
chrIV   	16	1352538	1352466	Lys	CTT	0	0	81.1	55.40	25.70	Inf	No	Asn	93.0
chrIV   	17	1257079	1257008	Gly	CCC	0	0	75.0	50.80	24.20	Inf	No	Gly	93.9
chrIV   	18	1150941	1150842	Ser	GCT	1150905	1150887	49.6	33.60	16.00	Inf	No	Ser	95.2
chrIV   	19	1095461	1095370	Phe	GAA	1095424	1095406	71.4	42.90	28.50	Inf	No	Phe	107.2
chrIV   	20	1075544	1075472	Val	CAC	0	0	70.4	37.30	33.10	Inf	No	Val	98.7
chrIV   	21	1017278	1017207	Glu	CTC	0	0	56.3	27.90	28.40	Inf	No	Glu	74.3
chrIV   	22	981055	980974	Ser	AGA	0	0	83.1	49.70	33.40	Inf	No	Ser	119.4
chrIV   	23	802802	802731	Gln	TTG	0	0	65.4	38.70	26.70	Inf	No	Gln	95.0
chrIV   	24	668080	668007	Ile	AAT	0	0	71.4	41.60	29.80	Inf	No	Ile	86.4
chrIV   	25	645224	645153	Gln	TTG	0	0	65.4	38.70	26.70	Inf	No	Gln	95.0
chrIV   	26	620041	619969	Arg	ACG	0	0	69.5	46.20	23.30	Inf	No	Arg	81.9
chrIV   	27	488870	488797	Val	TAC	0	0	70.3	43.40	26.90	Inf	No	Val	82.5
chrIV   	28	434336	434264	Thr	AGT	0	0	76.0	48.80	27.20	Inf	No	Thr	88.7
chrIX   	1	175031	175103	Thr	AGT	0	0	76.0	48.80	27.20	Inf	No	Thr	88.7
chrIX   	2	197592	197663	Glu	CTC	0	0	56.3	27.90	28.40	Inf	No	Glu	74.3
chrIX   	3	210665	210738	Ile	AAT	0	0	71.4	41.60	29.80	Inf	No	Ile	86.4
chrIX   	4	248850	248931	Ser	TGA	0	0	80.1	58.00	22.10	Inf	No	Ser	118.4
chrIX   	5	325748	325820	Thr	AGT	0	0	76.0	48.80	27.20	Inf	No	Thr	88.7
chrIX   	6	370417	370488	Glu	TTC	0	0	60.3	28.30	32.00	Inf	No	Glu	83.2
chrIX   	7	336420	336349	Asp	GTC	0	0	56.4	30.20	26.20	Inf	No	Asp	79.9
chrIX   	8	324374	324303	Asp	GTC	0	0	56.4	30.20	26.20	Inf	No	Asp	79.9
chrIX   	9	300300	300228	Lys	CTT	0	0	81.1	55.40	25.70	Inf	No	Asn	93.0
chrIX   	10	183513	183440	Ile	AAT	0	0	71.4	41.60	29.80	Inf	No	Ile	86.4
chrV    	1	86604 	86685 	Ser	AGA	0	0	83.1	49.70	33.40	Inf	No	Ser	119.4
chrV    	2	100133	100204	Met	CAT	0	0	69.0	39.70	29.30	Inf	No	iMet	101.4
chrV    	3	138666	138737	Arg	TCT	0	0	67.3	46.90	20.40	Inf	No	Arg	93.6
chrV    	4	177099	177170	Glu	TTC	0	0	60.3	28.30	32.00	Inf	No	Glu	83.2
chrV    	5	207357	207428	His	GTG	0	0	57.6	26.60	31.00	Inf	No	His	95.3
chrV    	6	250286	250357	Gln	TTG	0	0	65.4	38.70	26.70	Inf	No	Gln	95.0
chrV    	7	354934	355005	Glu	TTC	0	0	60.3	28.30	32.00	Inf	No	Glu	83.2
chrV    	8	438700	438773	Val	AAC	0	0	67.3	41.80	25.50	Inf	No	Val	97.1
chrV    	9	469457	469530	Val	AAC	0	0	67.3	41.80	25.50	Inf	No	Val	97.1
chrV    	10	551358	551285	Ile	AAT	0	0	71.4	41.60	29.80	Inf	No	Ile	86.4
chrV    	11	492424	492352	Arg	ACG	0	0	69.5	46.20	23.30	Inf	No	Arg	81.9
chrV    	12	487402	487331	Glu	TTC	0	0	60.3	28.30	32.00	Inf	No	Glu	83.2
chrV    	13	443275	443202	Ile	AAT	0	0	71.4	41.60	29.80	Inf	No	Ile	86.4
chrV    	14	435824	435752	Lys	CTT	0	0	81.1	55.40	25.70	Inf	No	Asn	93.0
chrV    	15	434612	434541	His	GTG	0	0	57.6	26.60	31.00	Inf	No	His	95.3
chrV    	16	312095	312023	Ala	TGC	0	0	76.0	53.40	22.60	Inf	No	Ala	83.5
chrV    	17	288524	288443	Ser	TGA	0	0	80.1	58.00	22.10	Inf	No	Ser	118.4
chrV    	18	135497	135425	Lys	CTT	0	0	81.1	55.40	25.70	Inf	No	Asn	93.0
chrV    	19	131153	131082	Gln	TTG	0	0	67.5	38.20	29.30	Inf	No	Gln	96.2
chrV    	20	61960 	61890 	Gly	GCC	0	0	62.0	31.90	30.10	Inf	No	Gly	90.9
chrVI   	1	101376	101478	Pro	TGG	101412	101442	62.1	37.90	24.20	Inf	No	Pro	112.2
chrVI   	2	162228	162298	Gly	GCC	0	0	62.0	31.90	30.10	Inf	No	Gly	90.9
chrVI   	3	167437	167525	Tyr	GTA	167476	167489	61.3	27.00	34.30	Inf	No	Tyr	80.8
chrVI   	4	226760	226688	Lys	CTT	0	0	81.1	55.40	25.70	Inf	No	Asn	93.0
chrVI   	5	210707	210619	Tyr	GTA	210668	210655	61.3	27.00	34.30	Inf	No	Tyr	80.8
chrVI   	6	204996	204924	Ala	AGC	0	0	69.6	42.00	27.60	Inf	No	Ala	93.6
chrVI   	7	191613	191513	Ser	GCT	191576	191558	64.0	40.20	23.80	Inf	No	Ser	111.6
chrVI   	8	181044	180974	Gly	GCC	0	0	62.0	31.90	30.10	Inf	No	Gly	90.9
chrVI   	9	158007	157916	Phe	GAA	157970	157952	70.7	41.90	28.80	Inf	No	Phe	110.2
chrVI   	10	137559	137486	Asn	GTT	0	0	75.6	49.00	26.60	Inf	No	Asn	98.5
chrVII  	1	115488	115583	Lys	TTT	115525	115547	70.9	46.70	24.20	Inf	No	Lys	95.9
chrVII  	2	122269	122341	Lys	CTT	0	0	81.1	55.40	25.70	Inf	No	Asn	93.0
chrVII  	3	205521	205634	Leu	CAA	205559	205590	57.5	27.00	30.50	Inf	No	Leu	101.7
chrVII  	4	319781	319852	His	GTG	0	0	57.6	26.60	31.00	Inf	No	His	95.3
chrVII  	5	328583	328654	Glu	TTC	0	0	60.3	28.30	32.00	Inf	No	Glu	83.2
chrVII  	6	405470	405541	Arg	TCT	0	0	67.3	46.90	20.40	Inf	No	Arg	93.6
chrVII  	7	423092	423205	Leu	CAA	423130	423161	57.5	27.00	30.50	Inf	No	Leu	101.7
chrVII  	8	531610	531681	Asp	GTC	0	0	56.4	30.20	26.20	Inf	No	Asp	79.9
chrVII  	9	541850	541921	Glu	TTC	0	0	60.3	28.30	32.00	Inf	No	Glu	83.2
chrVII  	10	661749	661820	Thr	TGT	0	0	77.0	57.40	19.60	Inf	No	Thr	91.4
chrVII  	11	700675	700756	Leu	GAG	0	0	67.5	41.60	25.90	Inf	No	Leu	98.5
chrVII  	12	731137	731210	Asn	GTT	0	0	75.6	49.00	26.60	Inf	No	Asn	98.5
chrVII  	13	736340	736411	Arg	TCT	0	0	67.3	46.90	20.40	Inf	No	Arg	93.6
chrVII  	14	739122	739195	Ile	AAT	0	0	71.4	41.60	29.80	Inf	No	Ile	86.4
chrVII  	15	774349	774421	Ala	AGC	0	0	69.6	42.00	27.60	Inf	No	Ala	93.6
chrVII  	16	779616	779687	Gly	TCC	0	0	58.7	30.20	28.50	Inf	No	Gly	79.5
chrVII  	17	794417	794489	Ala	TGC	0	0	76.0	53.40	22.60	Inf	No	Ala	83.5
chrVII  	18	823482	823555	Val	AAC	0	0	67.3	41.80	25.50	Inf	No	Val	97.1
chrVII  	19	845649	845719	Gly	GCC	0	0	62.0	31.90	30.10	Inf	No	Gly	90.9
chrVII  	20	876394	876466	Lys	CTT	0	0	81.1	55.40	25.70	Inf	No	Asn	93.0
chrVII  	21	1004216	1004287	Thr	TGT	0	0	77.0	57.40	19.60	Inf	No	Thr	91.4
chrVII  	22	931023	930953	Gly	GCC	0	0	62.0	31.90	30.10	Inf	No	Gly	90.9
chrVII  	23	878815	878710	Trp	CCA	878779	878746	67.2	45.60	21.60	Inf	No	Trp	108.9
chrVII  	24	857491	857378	Leu	CAA	857453	857422	57.5	27.00	30.50	Inf	No	Leu	101.7
chrVII  	25	828794	828723	Arg	TCT	0	0	67.3	46.90	20.40	Inf	No	Arg	93.6
chrVII  	26	707179	707108	Cys	GCA	0	0	78.6	53.00	25.60	Inf	No	Cys	85.5
chrVII  	27	701048	700953	Lys	TTT	701011	700989	70.9	46.60	24.30	Inf	No	Lys	95.9
chrVII  	28	561743	561662	Ser	AGA	0	0	83.1	49.70	33.40	Inf	No	Ser	119.4
chrVII  	29	544648	544577	Asp	GTC	0	0	56.4	30.20	26.20	Inf	No	Asp	79.9
chrVII  	30	440807	440716	Phe	GAA	440770	440752	70.7	41.90	28.80	Inf	No	Phe	110.2
chrVII  	31	412367	412294	Val	AAC	0	0	67.3	41.80	25.50	Inf	No	Val	97.1
chrVII  	32	401598	401527	Glu	TTC	0	0	60.3	28.30	32.00	Inf	No	Glu	83.2
chrVII  	33	287455	287350	Trp	CCA	287419	287386	67.2	45.60	21.60	Inf	No	Trp	108.9
chrVII  	34	185786	185714	Lys	CTT	0	0	81.1	55.40	25.70	Inf	No	Asn	93.0
chrVII  	35	110696	110625	His	GTG	0	0	57.6	26.60	31.00	Inf	No	His	95.3
chrVII  	36	73902 	73829 	Val	AAC	0	0	67.3	41.80	25.50	Inf	No	Val	97.1
chrVIII 	1	62755 	62826 	His	GTG	0	0	57.6	26.60	31.00	Inf	No	His	95.3
chrVIII 	2	134321	134392	Gln	TTG	0	0	65.4	38.70	26.70	Inf	No	Gln	95.0
chrVIII 	3	466990	467061	Thr	TGT	0	0	77.5	58.30	19.20	Inf	No	Thr	91.1
chrVIII 	4	475778	475706	Val	CAC	0	0	70.4	37.30	33.10	Inf	No	Val	98.7
chrVIII 	5	388995	388893	Pro	TGG	388959	388929	62.1	37.90	24.20	Inf	No	Pro	112.2
chrVIII 	6	358569	358478	Phe	GAA	358532	358514	70.7	41.90	28.80	Inf	No	Phe	110.2
chrVIII 	7	237939	237848	Phe	GAA	237902	237884	70.7	41.90	28.80	Inf	No	Phe	110.2
chrVIII 	8	146314	146242	Ala	AGC	0	0	69.6	42.00	27.60	Inf	No	Ala	93.6
chrVIII 	9	133107	133026	Ser	AGA	0	0	83.1	49.70	33.40	Inf	No	Ser	119.4
chrVIII 	10	116179	116107	Thr	AGT	0	0	76.0	48.80	27.20	Inf	No	Thr	88.7
chrVIII 	11	85371 	85298 	Val	AAC	0	0	67.3	41.80	25.50	Inf	No	Val	97.1
chrX    	1	204735	204806	Asp	GTC	0	0	56.4	30.20	26.20	Inf	No	Asp	79.9
chrX    	2	233939	234011	Arg	ACG	0	0	68.4	47.30	21.10	Inf	No	Arg	84.8
chrX    	3	354244	354332	Tyr	GTA	354283	354296	61.3	27.00	34.30	Inf	No	Tyr	80.8
chrX    	4	355374	355445	Arg	TCT	0	0	67.3	46.90	20.40	Inf	No	Arg	93.6
chrX    	5	355456	355527	Asp	GTC	0	0	56.4	30.20	26.20	Inf	No	Asp	79.9
chrX    	6	378360	378433	Val	AAC	0	0	67.3	41.80	25.50	Inf	No	Val	97.1
chrX    	7	414966	415038	Lys	CTT	0	0	81.1	55.40	25.70	Inf	No	Asn	93.0
chrX    	8	422937	423009	Met	CAT	0	0	69.9	53.70	16.20	Inf	No	Met	104.7
chrX    	9	531828	531898	Gly	GCC	0	0	62.0	31.90	30.10	Inf	No	Gly	90.9
chrX    	10	538555	538626	Arg	CCT	0	0	71.6	46.50	25.10	Inf	No	Arg	86.9
chrX    	11	541508	541579	Asp	GTC	0	0	56.4	30.20	26.20	Inf	No	Asp	79.9
chrX    	12	617919	618019	Leu	TAG	617957	617975	59.8	31.00	28.80	Inf	No	Leu	101.6
chrX    	13	543044	542956	Tyr	GTA	543005	542992	61.3	27.00	34.30	Inf	No	Tyr	80.8
chrX    	14	524093	524012	Ser	AGA	0	0	83.1	49.70	33.40	Inf	No	Ser	119.4
chrX    	15	517884	517813	Met	CAT	0	0	69.0	39.70	29.30	Inf	No	iMet	101.4
chrX    	16	424515	424432	Leu	TAA	0	0	75.2	45.30	29.90	Inf	No	Leu	104.8
chrX    	17	416036	415931	Trp	CCA	416000	415967	67.2	45.60	21.60	Inf	No	Trp	108.9
chrX    	18	396796	396726	Gly	GCC	0	0	62.0	31.90	30.10	Inf	No	Gly	90.9
chrX    	19	391115	391043	Met	CAT	0	0	69.9	53.70	16.20	Inf	No	Met	104.7
chrX    	20	374577	374506	Arg	TCT	0	0	67.3	46.90	20.40	Inf	No	Arg	93.6
chrX    	21	374495	374424	Asp	GTC	0	0	56.4	30.20	26.20	Inf	No	Asp	79.9
chrX    	22	197385	197313	Ala	AGC	0	0	69.6	42.00	27.60	Inf	No	Ala	93.6
chrX    	23	116010	115939	Glu	TTC	0	0	60.3	28.30	32.00	Inf	No	Glu	83.2
chrX    	24	59172 	59100 	Thr	AGT	0	0	76.0	48.80	27.20	Inf	No	Thr	88.7
chrXI   	1	74624 	74697 	Asn	GTT	0	0	75.6	49.00	26.60	Inf	No	Asn	98.5
chrXI   	2	84208 	84291 	Leu	TAA	0	0	75.2	45.30	29.90	Inf	No	Leu	104.8
chrXI   	3	202999	203071	Lys	CTT	0	0	81.1	55.40	25.70	Inf	No	Asn	93.0
chrXI   	4	219895	219967	Ala	AGC	0	0	69.6	42.00	27.60	Inf	No	Ala	93.6
chrXI   	5	302918	303023	Trp	CCA	302954	302987	67.2	45.60	21.60	Inf	No	Trp	108.9
chrXI   	6	379680	379753	Val	AAC	0	0	67.3	41.80	25.50	Inf	No	Val	97.1
chrXI   	7	458557	458670	Leu	CAA	458595	458626	57.5	27.00	30.50	Inf	No	Leu	101.7
chrXI   	8	490968	491040	Arg	ACG	0	0	69.5	46.20	23.30	Inf	No	Arg	81.9
chrXI   	9	517988	518060	Ala	AGC	0	0	69.6	42.00	27.60	Inf	No	Ala	93.6
chrXI   	10	578965	579060	Lys	TTT	579002	579024	70.9	46.70	24.20	Inf	No	Lys	95.9
chrXI   	11	513403	513332	Asp	GTC	0	0	56.4	30.20	26.20	Inf	No	Asp	79.9
chrXI   	12	313472	313401	His	GTG	0	0	57.6	26.60	31.00	Inf	No	His	95.3
chrXI   	13	308217	308144	Val	AAC	0	0	67.3	41.80	25.50	Inf	No	Val	97.1
chrXI   	14	162558	162487	Arg	TCT	0	0	67.3	46.90	20.40	Inf	No	Arg	93.6
chrXI   	15	141089	141018	Glu	TTC	0	0	60.3	28.30	32.00	Inf	No	Glu	83.2
chrXI   	16	46806 	46735 	Thr	CGT	0	0	76.3	55.50	20.80	Inf	No	Thr	89.7
chrXII  	1	92548 	92650 	Pro	TGG	92584	92614	62.1	37.90	24.20	Inf	No	Pro	112.2
chrXII  	2	374355	374427	Arg	ACG	0	0	69.5	46.20	23.30	Inf	No	Arg	81.9
chrXII  	3	427132	427203	Asp	GTC	0	0	56.4	30.20	26.20	Inf	No	Asp	79.9
chrXII  	4	628383	628497	Leu	CAA	628421	628453	57.5	27.00	30.50	Inf	No	Leu	101.7
chrXII  	5	732090	732190	Leu	TAG	732128	732146	59.8	31.00	28.80	Inf	No	Leu	101.6
chrXII  	6	734802	734875	Ile	AAT	0	0	71.4	41.60	29.80	Inf	No	Ile	86.4
chrXII  	7	784354	784453	Ser	GCT	784390	784408	49.6	33.60	16.00	Inf	No	Ser	95.2
chrXII  	8	793918	793989	Asp	GTC	0	0	56.4	30.20	26.20	Inf	No	Asp	79.9
chrXII  	9	797178	797249	Glu	TTC	0	0	60.3	28.30	32.00	Inf	No	Glu	83.2
chrXII  	10	818609	818680	Arg	CCG	0	0	55.8	33.80	22.00	Inf	No	Gln	62.3
chrXII  	11	875376	875471	Lys	TTT	875413	875435	70.9	46.70	24.20	Inf	No	Lys	95.9
chrXII  	12	1052144	1052071	Ile	AAT	0	0	71.4	41.60	29.80	Inf	No	Ile	86.4
chrXII  	13	976056	975983	Asn	GTT	0	0	75.6	49.00	26.60	Inf	No	Asn	98.5
chrXII  	14	963055	962972	Leu	TAA	0	0	75.2	45.30	29.90	Inf	No	Leu	104.8
chrXII  	15	687932	687859	Val	AAC	0	0	67.3	41.80	25.50	Inf	No	Val	97.1
chrXII  	16	657006	656934	Ala	AGC	0	0	69.6	42.00	27.60	Inf	No	Ala	93.6
chrXII  	17	605432	605300	Ile	TAT	605395	605336	69.5	49.80	19.70	Inf	No	Ile	104.1
chrXII  	18	592619	592519	Leu	TAG	592581	592563	59.8	31.00	28.80	Inf	No	Leu	101.6
chrXII  	19	448721	448650	Gln	TTG	0	0	65.4	38.70	26.70	Inf	No	Gln	95.0
chrXII  	20	214955	214883	Ala	TGC	0	0	76.0	53.40	22.60	Inf	No	Ala	83.5
chrXII  	21	168025	167944	Ser	AGA	0	0	83.1	49.70	33.40	Inf	No	Ser	119.4
chrXIII 	1	168795	168883	Tyr	GTA	168834	168847	61.3	27.00	34.30	Inf	No	Tyr	80.8
chrXIII 	2	290801	290872	Glu	TTC	0	0	52.3	28.80	23.50	Inf	No	Glu	73.7
chrXIII 	3	352280	352370	Phe	GAA	352317	352334	70.7	41.90	28.80	Inf	No	Phe	110.2
chrXIII 	4	363064	363135	His	GTG	0	0	57.6	26.60	31.00	Inf	No	His	95.3
chrXIII 	5	463554	463625	Asp	GTC	0	0	56.4	30.20	26.20	Inf	No	Asp	79.9
chrXIII 	6	504895	505008	Leu	CAA	504933	504964	57.5	27.00	30.50	Inf	No	Leu	101.7
chrXIII 	7	837928	838016	Tyr	GTA	837967	837980	61.3	27.00	34.30	Inf	No	Tyr	80.8
chrXIII 	8	808317	808246	Gln	CTG	0	0	59.9	36.70	23.20	Inf	No	Gln	89.2
chrXIII 	9	768441	768369	Ala	AGC	0	0	69.6	42.00	27.60	Inf	No	Ala	93.6
chrXIII 	10	747963	747892	Arg	TCT	0	0	67.3	46.90	20.40	Inf	No	Arg	93.6
chrXIII 	11	586709	586636	Val	AAC	0	0	67.3	41.80	25.50	Inf	No	Val	97.1
chrXIII 	12	572955	572883	Met	CAT	0	0	69.9	53.70	16.20	Inf	No	Met	104.7
chrXIII 	13	480693	480621	Lys	CTT	0	0	81.1	55.40	25.70	Inf	No	Asn	93.0
chrXIII 	14	420661	420588	Val	AAC	0	0	67.3	41.80	25.50	Inf	No	Val	97.1
chrXIII 	15	379408	379303	Trp	CCA	379372	379339	67.2	45.60	21.60	Inf	No	Trp	108.9
chrXIII 	16	372518	372445	Val	AAC	0	0	67.3	41.80	25.50	Inf	No	Val	97.1
chrXIII 	17	321219	321147	Ala	AGC	0	0	69.6	42.00	27.60	Inf	No	Ala	93.6
chrXIII 	18	259239	259158	Ser	AGA	0	0	83.1	49.70	33.40	Inf	No	Ser	119.4
chrXIII 	19	196170	196068	Pro	TGG	196134	196104	62.1	37.90	24.20	Inf	No	Pro	112.2
chrXIII 	20	183968	183898	Gly	GCC	0	0	62.0	31.90	30.10	Inf	No	Gly	90.9
chrXIII 	21	131896	131825	Arg	TCT	0	0	67.3	46.90	20.40	Inf	No	Arg	93.6
chrXIV  	1	102716	102789	Asn	GTT	0	0	75.6	49.00	26.60	Inf	No	Asn	98.5
chrXIV  	2	104805	104877	Thr	AGT	0	0	76.0	48.80	27.20	Inf	No	Thr	88.7
chrXIV  	3	374869	374959	Phe	GAA	374906	374923	71.4	43.00	28.40	Inf	No	Phe	107.2
chrXIV  	4	443006	443119	Leu	CAA	443044	443075	57.5	27.00	30.50	Inf	No	Leu	101.7
chrXIV  	5	547094	547196	Pro	TGG	547130	547160	62.1	37.90	24.20	Inf	No	Pro	112.2
chrXIV  	6	568115	568217	Pro	TGG	568151	568181	62.1	37.90	24.20	Inf	No	Pro	112.2
chrXIV  	7	602312	602385	Ile	AAT	0	0	71.4	41.60	29.80	Inf	No	Ile	86.4
chrXIV  	8	632599	632672	Asn	GTT	0	0	75.6	49.00	26.60	Inf	No	Asn	98.5
chrXIV  	9	726217	726134	Leu	TAA	0	0	75.2	45.30	29.90	Inf	No	Leu	104.8
chrXIV  	10	631917	631846	Pro	AGG	0	0	61.9	41.50	20.40	Inf	No	Pro	101.9
chrXIV  	11	569940	569867	Ile	AAT	0	0	71.4	41.60	29.80	Inf	No	Ile	86.4
chrXIV  	12	560765	560693	Thr	AGT	0	0	76.0	48.80	27.20	Inf	No	Thr	88.7
chrXIV  	13	519169	519099	Asp	GTC	0	0	27.1	11.60	15.50	Inf	No	Asp	43.2
chrXIV  	14	96312 	96241 	Gly	TCC	0	0	58.7	30.20	28.50	Inf	No	Gly	79.5
chrXV   	1	113802	113874	Thr	AGT	0	0	76.0	48.80	27.20	Inf	No	Thr	88.7
chrXV   	2	228331	228404	Asn	GTT	0	0	75.6	49.00	26.60	Inf	No	Asn	98.5
chrXV   	3	274673	274773	Ser	GCT	274710	274728	64.0	40.20	23.80	Inf	No	Ser	111.6
chrXV   	4	282164	282234	Gly	GCC	0	0	62.0	31.90	30.10	Inf	No	Gly	90.9
chrXV   	5	288192	288280	Tyr	GTA	288231	288244	61.3	27.00	34.30	Inf	No	Tyr	80.8
chrXV   	6	301097	301198	Pro	TGG	301133	301162	62.1	37.90	24.20	Inf	No	Pro	112.2
chrXV   	7	438643	438738	Lys	TTT	438680	438702	70.9	46.70	24.20	Inf	No	Lys	95.9
chrXV   	8	464450	464551	Pro	TGG	464486	464515	62.1	37.90	24.20	Inf	No	Pro	112.2
chrXV   	9	487439	487512	Asn	GTT	0	0	75.6	49.00	26.60	Inf	No	Asn	98.5
chrXV   	10	571958	572029	Asp	GTC	0	0	56.4	30.20	26.20	Inf	No	Asp	79.9
chrXV   	11	710201	710272	Met	CAT	0	0	69.0	39.70	29.30	Inf	No	iMet	101.4
chrXV   	12	976421	976493	Met	CAT	0	0	69.9	53.70	16.20	Inf	No	Met	104.7
chrXV   	13	980683	980787	Pro	TGG	980719	980751	58.2	34.00	24.20	Inf	No	Pro	106.6
chrXV   	14	854259	854187	Ala	TGC	0	0	76.0	53.40	22.60	Inf	No	Ala	83.5
chrXV   	15	663885	663812	Val	AAC	0	0	66.1	40.60	25.50	Inf	No	Val	91.0
chrXV   	16	594425	594354	Gly	CCC	0	0	79.7	55.70	24.00	Inf	No	Gly	99.3
chrXV   	17	354113	354041	Thr	AGT	0	0	76.0	48.80	27.20	Inf	No	Thr	88.7
chrXV   	18	340371	340299	Arg	ACG	0	0	69.5	46.20	23.30	Inf	No	Arg	81.9
chrXV   	19	226681	226611	Gly	GCC	0	0	62.0	31.90	30.10	Inf	No	Gly	90.9
chrXV   	20	111033	110962	Gly	TCC	0	0	58.7	30.20	28.50	Inf	No	Gly	79.5
chrXVI  	1	572269	572339	Gly	GCC	0	0	62.0	31.90	30.10	Inf	No	Gly	90.9
chrXVI  	2	582062	582134	Lys	CTT	0	0	81.1	55.40	25.70	Inf	No	Asn	93.0
chrXVI  	3	689565	689646	Ser	TGA	0	0	80.1	58.00	22.10	Inf	No	Ser	118.4
chrXVI  	4	744284	744355	Thr	TGT	0	0	77.0	57.40	19.60	Inf	No	Thr	91.4
chrXVI  	5	810676	810749	Asn	GTT	0	0	75.6	49.00	26.60	Inf	No	Asn	98.5
chrXVI  	6	819529	819602	Ile	AAT	0	0	71.4	41.60	29.80	Inf	No	Ile	86.4
chrXVI  	7	856902	856974	Ala	AGC	0	0	69.6	42.00	27.60	Inf	No	Ala	93.6
chrXVI  	8	860379	860449	Gly	GCC	0	0	62.0	31.90	30.10	Inf	No	Gly	90.9
chrXVI  	9	880369	880296	Ile	AAT	0	0	71.4	41.60	29.80	Inf	No	Ile	86.4
chrXVI  	10	775836	775765	Cys	GCA	0	0	78.6	53.00	25.60	Inf	No	Cys	85.5
chrXVI  	11	769302	769207	Lys	TTT	769265	769243	70.9	46.70	24.20	Inf	No	Lys	95.9
chrXVI  	12	622631	622540	Phe	GAA	622594	622576	70.7	41.90	28.80	Inf	No	Phe	110.2
chrXVI  	13	560289	560198	Phe	GAA	560252	560234	70.7	41.90	28.80	Inf	No	Phe	110.2
chrXVI  	14	435964	435893	Cys	GCA	0	0	78.6	53.00	25.60	Inf	No	Cys	85.5
chrXVI  	15	338919	338848	Met	CAT	0	0	69.0	39.70	29.30	Inf	No	iMet	101.4
chrXVI  	16	210263	210192	Glu	TTC	0	0	60.3	28.30	32.00	Inf	No	Glu	83.2
chrXVI  	17	56274 	56169 	Trp	CCA	56238	56205	67.2	45.60	21.60	Inf	No	Trp	108.9
chr     	1	225381 	225457 	Ile	GAT	0	0	75.8	47.60	28.20	Ile	110.9	
chr     	2	225500 	225575 	Ala	TGC	0	0	78.1	53.10	25.00	Ala	115.6	
chr     	3	228928 	229004 	Asp	GTC	0	0	85.5	71.10	14.40	Asp	128.1	
chr     	4	236931 	237007 	Asp	GTC	0	0	85.5	71.10	14.40	Asp	128.1	
chr     	5	262871 	262946 	Thr	CGT	0	0	85.1	63.80	21.30	Thr	105.6	
chr     	6	297184 	297254 	Thr	CGT	0	0	44.2	27.80	16.40	Thr	49.5	trunc_start:6
chr     	7	564723 	564799 	Arg	TCT	0	0	86.6	61.20	25.40	Arg	103.5	
chr     	8	586007 	586101 	Undet	NNN	0	0	31.7	35.00	-3.30	Arg	36.2	pseudo,trunc_start:8
chr     	9	780554 	780629 	Lys	TTT	0	0	94.9	70.50	24.40	Lys	113.3	
chr     	10	780765 	780840 	Val	TAC	0	0	84.6	59.00	25.60	Val	110.9	
chr     	11	780843 	780918 	Lys	TTT	0	0	94.9	70.50	24.40	Lys	113.3	
chr     	12	781068 	781143 	Val	TAC	0	0	84.6	59.00	25.60	Val	110.9	
chr     	13	781147 	781222 	Lys	TTT	0	0	94.9	70.50	24.40	Lys	113.3	
chr     	14	781369 	781444 	Lys	TTT	0	0	94.9	70.50	24.40	Lys	113.3	
chr     	15	781577 	781652 	Lys	TTT	0	0	94.9	70.50	24.40	Lys	113.3	
chr     	16	1746435	1746511	Val	GAC	0	0	82.5	53.40	29.10	Val	101.9	
chr     	17	1746516	1746592	Val	GAC	0	0	85.9	59.60	26.30	Val	104.4	
chr     	18	2044549	2044624	Asn	GTT	0	0	79.7	48.60	31.10	Asn	115.2	
chr     	19	2059851	2059926	Asn	GTT	0	0	79.7	48.60	31.10	Asn	115.2	
chr     	20	2062260	2062335	Asn	GTT	0	0	79.7	48.60	31.10	Asn	115.2	
chr     	21	2286211	2286287	Pro	GGG	0	0	67.3	40.60	26.70	Pro	110.3	
chr     	22	2466309	2466383	Arg	CCT	0	0	62.5	30.50	32.00	Arg	77.7	
chr     	23	2520931	2521006	Val	TAC	0	0	84.6	59.00	25.60	Val	110.9	
chr     	24	2521051	2521126	Val	TAC	0	0	84.6	59.00	25.60	Val	110.9	
chr     	25	2521173	2521248	Val	TAC	0	0	84.6	59.00	25.60	Val	110.9	
chr     	26	2521253	2521328	Lys	TTT	0	0	94.9	70.50	24.40	Lys	113.3	
chr     	27	2755859	2755955	Undet	NNN	0	0	29.6	22.30	7.30	Ile2	28.4	trunc_start:6
chr     	28	2947387	2947463	fMet	CAT	0	0	77.5	50.60	26.90	fMet	129.5	
chr     	29	2947497	2947573	fMet	CAT	0	0	77.5	50.60	26.90	fMet	129.5	
chr     	30	2947607	2947683	fMet	CAT	0	0	77.5	50.60	26.90	fMet	129.5	
chr     	31	3110366	3110441	Phe	GAA	0	0	75.3	45.80	29.50	Phe	104.8	
chr     	32	3215598	3215673	Ile2	CAT	0	0	85.1	56.20	28.90	Ile2	111.7	
chr     	33	3836222	3836316	SeC	TCA	0	0	142.5	0.00	0.00	SeC	142.5	
chr     	34	3943435	3943510	Glu	TTC	0	0	66.6	35.80	30.80	Glu	105.4	
chr     	35	3946872	3946948	Asp	GTC	0	0	85.5	71.10	14.40	Asp	128.1	
chr     	36	3946957	3947032	Trp	CCA	0	0	79.9	61.00	18.90	Trp	98.7	
chr     	37	3982375	3982451	Arg	CCG	0	0	82.2	62.70	19.50	Arg	104.0	
chr     	38	3982510	3982585	His	GTG	0	0	78.7	53.40	25.30	His	106.7	
chr     	39	3982606	3982692	Leu	CAG	0	0	67.1	42.20	24.90	Leu	109.1	
chr     	40	3982735	3982811	Pro	TGG	0	0	82.4	54.50	27.90	Pro	115.0	
chr     	41	4037141	4037217	Ile	GAT	0	0	75.8	47.60	28.20	Ile	110.9	
chr     	42	4037260	4037335	Ala	TGC	0	0	78.1	53.10	25.00	Ala	115.6	
chr     	43	4168372	4168447	Glu	TTC	0	0	66.6	35.80	30.80	Glu	105.4	
chr     	44	4175388	4175463	Thr	TGT	0	0	81.3	59.30	22.00	Thr	106.1	
chr     	45	4175472	4175556	Tyr	GTA	0	0	73.0	42.20	30.80	Tyr	118.5	
chr     	46	4175673	4175747	Gly	TCC	0	0	70.6	42.90	27.70	Gly	86.6	
chr     	47	4175754	4175829	Thr	GGT	0	0	84.7	50.10	34.60	Thr	103.0	
chr     	48	4209774	4209849	Glu	TTC	0	0	66.6	35.80	30.80	Glu	105.4	
chr     	49	4392360	4392435	Gly	GCC	0	0	88.4	61.80	26.60	Gly	113.7	
chr     	50	4392472	4392547	Gly	GCC	0	0	88.4	61.80	26.60	Gly	113.7	
chr     	51	4392583	4392658	Gly	GCC	0	0	88.4	61.80	26.60	Gly	113.7	
chr     	52	4496405	4496489	Leu	CAA	0	0	79.3	46.00	33.30	Leu	110.3	
chr     	53	4606401	4606315	Leu	CAG	0	0	67.1	42.20	24.90	Leu	109.1	
chr     	54	4606286	4606200	Leu	CAG	0	0	65.0	42.50	22.50	Leu	106.8	
chr     	55	4606165	4606079	Leu	CAG	0	0	67.1	42.20	24.90	Leu	109.1	
chr     	56	4362626	4362551	Phe	GAA	0	0	75.3	45.80	29.50	Phe	104.8	
chr     	57	3708692	3708616	Pro	CGG	0	0	76.0	43.90	32.10	Pro	109.5	
chr     	58	3427152	3427076	Ile	GAT	0	0	75.8	47.60	28.20	Ile	110.9	
chr     	59	3427033	3426958	Ala	TGC	0	0	78.1	53.10	25.00	Ala	115.6	
chr     	60	3423655	3423580	Thr	GGT	0	0	79.8	42.80	37.00	Thr	99.7	
chr     	61	3322158	3322072	Leu	GAG	0	0	64.5	38.70	25.80	Leu	103.6	
chr     	62	3318289	3318213	fMet	CAT	0	0	75.5	48.60	26.90	fMet	125.8	
chr     	63	2999057	2998984	Gly	CCC	0	0	81.1	54.70	26.40	Gly	100.5	
chr     	64	2818645	2818553	Ser	GCT	0	0	83.4	46.30	37.10	Ser	109.5	
chr     	65	2818549	2818473	Arg	ACG	0	0	85.1	59.80	25.30	Arg	100.6	
chr     	66	2818274	2818198	Arg	ACG	0	0	85.1	59.80	25.30	Arg	100.6	
chr     	67	2818135	2818059	Arg	ACG	0	0	85.1	59.80	25.30	Arg	100.6	
chr     	68	2817860	2817784	Arg	ACG	0	0	85.1	59.80	25.30	Arg	100.6	
chr     	69	2785837	2785762	Ile2	CAT	0	0	84.7	55.50	29.20	Ile2	112.8	
chr     	70	2729444	2729369	Glu	TTC	0	0	66.6	35.80	30.80	Glu	105.4	
chr     	71	2518231	2518156	Ala	GGC	0	0	75.0	52.50	22.50	Ala	114.0	
chr     	72	2518116	2518041	Ala	GGC	0	0	75.0	52.50	22.50	Ala	114.0	
chr     	73	2058102	2058027	Asn	GTT	0	0	79.7	48.60	31.10	Asn	115.2	
chr     	74	2043557	2043468	Ser	CGA	0	0	90.4	54.50	35.90	Ser	122.4	
chr     	75	1992117	1992042	Gly	GCC	0	0	88.4	61.80	26.60	Gly	113.7	
chr     	76	1991987	1991914	Cys	GCA	0	0	63.0	27.10	35.90	Cys	86.2	
chr     	77	1991901	1991815	Leu	TAA	0	0	71.7	41.40	30.30	Leu	101.8	
chr     	78	1287622	1287538	Tyr	GTA	0	0	72.2	43.00	29.20	Tyr	119.1	
chr     	79	1287328	1287244	Tyr	GTA	0	0	72.2	43.00	29.20	Tyr	119.1	
chr     	80	1097652	1097565	Ser	GGA	0	0	76.9	38.30	38.60	Ser	117.0	
chr     	81	1031712	1031625	Ser	TGA	0	0	83.5	47.20	36.30	Ser	103.3	
chr     	82	925971 	925884 	Ser	GGA	0	0	76.9	38.30	38.60	Ser	117.0	
chr     	83	697133 	697057 	Met	CAT	0	0	84.4	63.20	21.20	Met	111.6	
chr     	84	697047 	696963 	Leu	TAG	0	0	74.1	46.80	27.30	Leu	115.3	
chr     	85	696939 	696865 	Gln	TTG	0	0	70.4	38.40	32.00	Gln	101.4	
chr     	86	696830 	696756 	Gln	TTG	0	0	70.4	38.40	32.00	Gln	101.4	
chr     	87	696740 	696664 	Met	CAT	0	0	84.4	63.20	21.20	Met	111.6	
chr     	88	696616 	696542 	Gln	CTG	0	0	70.8	39.90	30.90	Gln	100.0	
chr     	89	696504 	696430 	Gln	CTG	0	0	70.8	39.90	30.90	Gln	100.0	
