Sequence		tRNA    	Bounds  	tRNA	Anti	Intron Bounds	CM	HMM	2'Str	Hit	Isotype	Isotype	Type
Name    	tRNA #	Begin   	End     	Type	Codon	Begin	End	Score	Score	Score	Origin	CM	Score	
--------	------	----    	------  	----	-----	-----	----	------	-----	-----	------	-------	-------	---------
chr2L   	1	1965426 	1965498 	Arg	TCT	0	0	71.9	49.80	22.10	Inf	Arg	81.9	cytosolic
chr2L   	2	2009155 	2009226 	Gln	CTG	0	0	69.4	40.20	29.20	Inf	Gln	113.5	cytosolic
chr2L   	3	2009538 	2009609 	Gln	CTG	0	0	69.4	40.20	29.20	Inf	Gln	113.5	cytosolic
chr2L   	4	2031692 	2031762 	Gly	GCC	0	0	79.5	57.30	22.20	Inf	Gly	107.3	cytosolic
chr2L   	5	2187007 	2187079 	Arg	TCT	0	0	63.1	48.80	14.30	Inf	Arg	91.1	cytosolic
chr2L   	6	2462593 	2462686 	Tyr	GTA	2462630	2462650	81.4	55.90	25.50	Inf	Tyr	124.0	cytosolic
chr2L   	7	3169582 	3169663 	Ser	AGA	0	0	87.9	54.60	33.30	Inf	Ser	114.5	cytosolic
chr2L   	8	5240766 	5240837 	Asp	GTC	0	0	60.9	34.90	26.00	Inf	Asp	104.7	cytosolic
chr2L   	9	6799744 	6799816 	Arg	CCT	0	0	63.3	49.10	14.20	Inf	Arg	99.7	cytosolic
chr2L   	10	7711476 	7711661 	Undet	???	0	0	76.7	51.30	25.40	Inf	Tyr	121.7	cytosolic
chr2L   	11	7872849 	7872919 	Gly	GCC	0	0	79.5	57.30	22.20	Inf	Gly	107.3	cytosolic
chr2L   	12	8290727 	8290799 	Lys	TTT	0	0	84.6	63.70	20.90	Inf	Lys	108.1	cytosolic
chr2L   	13	8481777 	8481848 	Asp	GTC	0	0	67.9	38.80	29.10	Inf	Asp	113.7	cytosolic
chr2L   	14	8541761 	8541832 	Asp	GTC	0	0	67.9	38.80	29.10	Inf	Asp	113.7	cytosolic
chr2L   	15	8570888 	8570960 	Phe	GAA	0	0	83.2	58.90	24.30	Inf	Phe	123.8	cytosolic
chr2L   	16	8620028 	8620099 	Asp	GTC	0	0	67.9	38.80	29.10	Inf	Asp	113.7	cytosolic
chr2L   	17	8679116 	8679187 	Asp	GTC	0	0	67.9	38.80	29.10	Inf	Asp	113.7	cytosolic
chr2L   	18	8683451 	8683522 	Asp	GTC	0	0	67.9	38.80	29.10	Inf	Asp	113.7	cytosolic
chr2L   	19	14495878	14495949	Pro	AGG	0	0	65.5	41.00	24.50	Inf	Pro	113.8	cytosolic
chr2L   	20	14518091	14518161	Gly	GCC	0	0	79.5	57.30	22.20	Inf	Gly	107.3	cytosolic
chr2L   	21	14598859	14598930	Pro	AGG	0	0	65.5	41.00	24.50	Inf	Pro	113.8	cytosolic
chr2L   	22	14599674	14599745	Pro	AGG	0	0	65.5	41.00	24.50	Inf	Pro	113.8	cytosolic
chr2L   	23	15132389	15132306	Leu	TAA	0	0	76.9	51.20	25.70	Inf	Leu	116.8	cytosolic
chr2L   	24	14599467	14599396	Pro	AGG	0	0	65.5	41.00	24.50	Inf	Pro	113.8	cytosolic
chr2L   	25	14530924	14530854	Gly	GCC	0	0	74.5	56.60	17.90	Inf	Gly	103.5	cytosolic
chr2L   	26	14530616	14530546	Gly	GCC	0	0	79.5	57.30	22.20	Inf	Gly	107.3	cytosolic
chr2L   	27	14518691	14518621	Gly	GCC	0	0	79.5	57.30	22.20	Inf	Gly	107.3	cytosolic
chr2L   	28	14518377	14518307	Gly	GCC	0	0	79.5	57.30	22.20	Inf	Gly	107.3	cytosolic
chr2L   	29	14010636	14010565	Gln	CTG	0	0	66.6	40.90	25.70	Inf	Gln	112.0	cytosolic
chr2L   	30	9236594 	9236521 	Thr	AGT	0	0	68.7	55.50	13.20	Inf	Thr	97.9	cytosolic
chr2L   	31	8683877 	8683806 	Asp	GTC	0	0	67.9	38.80	29.10	Inf	Asp	113.7	cytosolic
chr2L   	32	8541623 	8541552 	Asp	GTC	0	0	67.9	38.80	29.10	Inf	Asp	113.7	cytosolic
chr2L   	33	8482155 	8482084 	Asp	GTC	0	0	67.9	38.80	29.10	Inf	Asp	113.7	cytosolic
chr2L   	34	5241177 	5241106 	Asp	GTC	0	0	67.9	38.80	29.10	Inf	Asp	113.7	cytosolic
chr2L   	35	4419048 	4418977 	Trp	CCA	0	0	76.7	53.70	23.00	Inf	Trp	107.1	cytosolic
chr2L   	36	3173084 	3173003 	Ser	AGA	0	0	87.9	54.60	33.30	Inf	Ser	114.5	cytosolic
chr2L   	37	2460044 	2459924 	Tyr	GTA	2460007	2459960	80.0	54.60	25.40	Inf	Tyr	124.0	cytosolic
chr2L   	38	2013250 	2013179 	Gln	CTG	0	0	69.4	40.20	29.20	Inf	Gln	113.5	cytosolic
chr2L   	39	2010940 	2010869 	Gln	CTG	0	0	67.9	38.50	29.40	Inf	Gln	112.6	cytosolic
chr2L   	40	2010717 	2010646 	Gln	CTG	0	0	69.4	40.20	29.20	Inf	Gln	113.5	cytosolic
chr2L   	41	1938159 	1938089 	Gly	GCC	0	0	79.5	57.30	22.20	Inf	Gly	107.3	cytosolic
chr2R   	1	6142165 	6142237 	Arg	ACG	0	0	66.7	47.20	19.50	Inf	Arg	102.6	cytosolic
chr2R   	2	6153186 	6153259 	Asn	GTT	0	0	81.8	58.70	23.10	Inf	Asn	119.4	cytosolic
chr2R   	3	6161535 	6161607 	Arg	ACG	0	0	66.7	47.20	19.50	Inf	Arg	102.6	cytosolic
chr2R   	4	6162197 	6162270 	Asn	GTT	0	0	81.8	58.70	23.10	Inf	Asn	119.4	cytosolic
chr2R   	5	6162519 	6162592 	Asn	GTT	0	0	81.8	58.70	23.10	Inf	Asn	119.4	cytosolic
chr2R   	6	6165984 	6166056 	Lys	CTT	0	0	78.0	56.00	22.00	Inf	Lys	121.4	cytosolic
chr2R   	7	6166151 	6166224 	Ile	AAT	0	0	82.4	64.70	17.70	Inf	Ile	110.8	cytosolic
chr2R   	8	6169607 	6169679 	Arg	ACG	0	0	66.7	47.20	19.50	Inf	Arg	102.6	cytosolic
chr2R   	9	6171687 	6171759 	Arg	ACG	0	0	66.7	47.20	19.50	Inf	Arg	102.6	cytosolic
chr2R   	10	6190372 	6190445 	Asn	GTT	0	0	81.8	58.70	23.10	Inf	Asn	119.4	cytosolic
chr2R   	11	8158455 	8158528 	Ile	AAT	0	0	82.4	64.70	17.70	Inf	Ile	110.8	cytosolic
chr2R   	12	8683215 	8683297 	Leu	CAG	0	0	84.1	53.10	31.00	Inf	Leu	126.4	cytosolic
chr2R   	13	9661225 	9661296 	Met	CAT	0	0	64.2	37.50	26.70	Inf	iMet	117.9	cytosolic
chr2R   	14	11394353	11394424	Thr	TGT	0	0	76.5	50.70	25.80	Inf	Thr	94.8	cytosolic
chr2R   	15	11404699	11404770	Thr	TGT	0	0	76.5	50.70	25.80	Inf	Thr	94.8	cytosolic
chr2R   	16	11652649	11652721	Met	CAT	0	0	77.2	56.50	20.70	Inf	Met	113.8	cytosolic
chr2R   	17	12336418	12336489	His	GTG	0	0	61.8	32.40	29.40	Inf	His	100.8	cytosolic
chr2R   	18	12336733	12336804	Undet	???	0	0	43.6	22.80	20.80	Inf	His	63.4	cytosolic
chr2R   	19	13430984	13431057	Ile	AAT	0	0	82.4	64.70	17.70	Inf	Ile	110.8	cytosolic
chr2R   	20	13431285	13431358	Ile	AAT	0	0	82.4	64.70	17.70	Inf	Ile	110.8	cytosolic
chr2R   	21	13431777	13431850	Ile	AAT	0	0	82.4	64.70	17.70	Inf	Ile	110.8	cytosolic
chr2R   	22	13432093	13432166	Ile	AAT	0	0	82.4	64.70	17.70	Inf	Ile	110.8	cytosolic
chr2R   	23	13432668	13432794	Leu	CAA	13432706	13432749	82.5	55.60	26.90	Inf	Leu	130.4	cytosolic
chr2R   	24	13437866	13437939	Ile	AAT	0	0	82.4	64.70	17.70	Inf	Ile	110.8	cytosolic
chr2R   	25	16219638	16219709	Glu	CTC	0	0	71.9	44.60	27.30	Inf	Glu	104.1	cytosolic
chr2R   	26	16220052	16220123	Glu	TTC	0	0	73.7	46.90	26.80	Inf	Glu	112.5	cytosolic
chr2R   	27	16968008	16968078	Gly	GCC	0	0	79.5	57.30	22.20	Inf	Gly	107.3	cytosolic
chr2R   	28	17145300	17145381	Leu	AAG	0	0	75.0	51.00	24.00	Inf	Leu	116.7	cytosolic
chr2R   	29	17392215	17392286	Ala	TGC	0	0	75.5	50.60	24.90	Inf	Ala	113.2	cytosolic
chr2R   	30	17604771	17604843	Phe	GAA	0	0	83.2	58.90	24.30	Inf	Phe	123.8	cytosolic
chr2R   	31	18639557	18639628	Trp	CCA	0	0	76.7	53.70	23.00	Inf	Trp	107.1	cytosolic
chr2R   	32	18770131	18770212	Leu	AAG	0	0	75.0	51.00	24.00	Inf	Leu	116.7	cytosolic
chr2R   	33	19414598	19414679	Ser	CGA	0	0	90.0	59.60	30.40	Inf	Ser	115.6	cytosolic
chr2R   	34	19414845	19414917	Val	AAC	0	0	76.2	46.50	29.70	Inf	Val	112.4	cytosolic
chr2R   	35	19415271	19415343	Val	AAC	0	0	76.2	46.50	29.70	Inf	Val	112.4	cytosolic
chr2R   	36	19715565	19715638	Ile	AAT	0	0	82.4	64.70	17.70	Inf	Ile	110.8	cytosolic
chr2R   	37	19725905	19725976	Met	CAT	0	0	68.2	41.30	26.90	Inf	iMet	122.6	cytosolic
chr2R   	38	19728887	19728958	Glu	CTC	0	0	70.7	43.40	27.30	Inf	Glu	104.1	cytosolic
chr2R   	39	19729282	19729353	Pseudo	CTC	0	0	23.1	24.40	-1.30	Inf	Glu	66.3	cytosolic
chr2R   	40	19802591	19802663	Lys	CTT	0	0	78.0	56.00	22.00	Inf	Lys	121.4	cytosolic
chr2R   	41	20000819	20000891	Arg	CCT	0	0	63.3	49.10	14.20	Inf	Arg	99.7	cytosolic
chr2R   	42	20229481	20229551	Gly	GCC	0	0	79.5	57.30	22.20	Inf	Gly	107.3	cytosolic
chr2R   	43	20232797	20232867	Gly	GCC	0	0	79.5	57.30	22.20	Inf	Gly	107.3	cytosolic
chr2R   	44	20657891	20657962	Trp	CCA	0	0	77.0	54.40	22.60	Inf	Trp	108.1	cytosolic
chr2R   	45	21161526	21161597	Trp	CCA	0	0	76.7	53.70	23.00	Inf	Trp	107.1	cytosolic
chr2R   	46	21181284	21181355	Trp	CCA	0	0	76.7	53.70	23.00	Inf	Trp	107.1	cytosolic
chr2R   	47	21182856	21182926	Gly	GCC	0	0	79.5	57.30	22.20	Inf	Gly	107.3	cytosolic
chr2R   	48	23072581	23072662	Ser	TGA	0	0	80.3	52.30	28.00	Inf	Ser	120.5	cytosolic
chr2R   	49	24374063	24374136	Asn	GTT	0	0	81.8	58.70	23.10	Inf	Asn	119.4	cytosolic
chr2R   	50	25076005	25076076	Ala	CGC	0	0	73.6	48.90	24.70	Inf	Ala	103.4	cytosolic
chr2R   	51	25076765	25076836	Ala	CGC	0	0	73.6	48.90	24.70	Inf	Ala	103.4	cytosolic
chr2R   	52	25077048	25077119	Ala	CGC	0	0	73.6	48.90	24.70	Inf	Ala	103.4	cytosolic
chr2R   	53	23072100	23072019	Ser	TGA	0	0	83.9	48.00	35.90	Inf	Ser	117.3	cytosolic
chr2R   	54	21848478	21848407	Gly	TCC	0	0	69.2	45.90	23.30	Inf	Gly	98.1	cytosolic
chr2R   	55	21843168	21843097	Gly	TCC	0	0	69.2	45.90	23.30	Inf	Gly	98.1	cytosolic
chr2R   	56	21182749	21182678	Trp	CCA	0	0	76.7	53.70	23.00	Inf	Trp	107.1	cytosolic
chr2R   	57	21161426	21161356	Gly	GCC	0	0	79.5	57.30	22.20	Inf	Gly	107.3	cytosolic
chr2R   	58	21161134	21161063	Trp	CCA	0	0	76.7	53.70	23.00	Inf	Trp	107.1	cytosolic
chr2R   	59	20658175	20658104	Trp	CCA	0	0	77.0	54.40	22.60	Inf	Trp	108.1	cytosolic
chr2R   	60	20000368	20000296	Arg	CCT	0	0	63.3	49.10	14.20	Inf	Arg	99.7	cytosolic
chr2R   	61	19728259	19728188	Glu	CTC	0	0	70.7	43.40	27.30	Inf	Glu	104.1	cytosolic
chr2R   	62	19728052	19727981	Glu	TTC	0	0	73.7	46.90	26.80	Inf	Glu	112.5	cytosolic
chr2R   	63	19727531	19727460	Glu	TTC	0	0	73.7	46.90	26.80	Inf	Glu	112.5	cytosolic
chr2R   	64	19726213	19726142	Glu	TTC	0	0	73.7	46.90	26.80	Inf	Glu	112.5	cytosolic
chr2R   	65	19725691	19725620	Met	CAT	0	0	68.2	41.30	26.90	Inf	iMet	122.6	cytosolic
chr2R   	66	19564944	19564873	Glu	TTC	0	0	73.7	46.90	26.80	Inf	Glu	112.5	cytosolic
chr2R   	67	19506410	19506339	His	GTG	0	0	61.8	32.40	29.40	Inf	His	100.8	cytosolic
chr2R   	68	18639796	18639726	Gly	GCC	0	0	79.5	57.30	22.20	Inf	Gly	107.3	cytosolic
chr2R   	69	17604607	17604535	Phe	GAA	0	0	83.2	58.90	24.30	Inf	Phe	123.8	cytosolic
chr2R   	70	17391845	17391774	Ala	TGC	0	0	76.7	51.90	24.80	Inf	Ala	113.8	cytosolic
chr2R   	71	17144046	17143965	Leu	AAG	0	0	75.0	51.00	24.00	Inf	Leu	116.7	cytosolic
chr2R   	72	16219445	16219374	Glu	TTC	0	0	73.7	46.90	26.80	Inf	Glu	112.5	cytosolic
chr2R   	73	16207706	16207635	Gln	CTG	0	0	70.6	42.40	28.20	Inf	Gln	115.0	cytosolic
chr2R   	74	14984408	14984327	Leu	AAG	0	0	75.0	51.00	24.00	Inf	Leu	116.7	cytosolic
chr2R   	75	13536117	13536045	Lys	CTT	0	0	78.0	56.00	22.00	Inf	Lys	121.4	cytosolic
chr2R   	76	13430815	13430695	Leu	CAA	13430777	13430740	82.1	55.70	26.40	Inf	Leu	130.4	cytosolic
chr2R   	77	13430355	13430282	Ile	AAT	0	0	82.4	64.70	17.70	Inf	Ile	110.8	cytosolic
chr2R   	78	12335066	12334995	His	GTG	0	0	61.8	32.40	29.40	Inf	His	100.8	cytosolic
chr2R   	79	12334305	12334234	His	GTG	0	0	61.8	32.40	29.40	Inf	His	100.8	cytosolic
chr2R   	80	12333997	12333926	His	GTG	0	0	61.8	32.40	29.40	Inf	His	100.8	cytosolic
chr2R   	81	11660635	11660563	Met	CAT	0	0	77.2	56.50	20.70	Inf	Met	113.8	cytosolic
chr2R   	82	11652439	11652367	Arg	TCT	0	0	78.8	56.90	21.90	Inf	Arg	90.1	cytosolic
chr2R   	83	11405303	11405232	Thr	TGT	0	0	76.5	50.70	25.80	Inf	Thr	94.8	cytosolic
chr2R   	84	11399841	11399770	Thr	TGT	0	0	76.5	50.70	25.80	Inf	Thr	94.8	cytosolic
chr2R   	85	11357650	11357554	SeC	TCA	0	0	104.9	0.00	0.00	Inf	SeC	104.9	cytosolic
chr2R   	86	7070833 	7070760 	Thr	AGT	0	0	68.7	55.50	13.20	Inf	Thr	97.9	cytosolic
chr2R   	87	7070043 	7069970 	Thr	AGT	0	0	62.5	50.00	12.50	Inf	Thr	90.0	cytosolic
chr2R   	88	6949205 	6949133 	Lys	CTT	0	0	78.0	56.00	22.00	Inf	Lys	121.4	cytosolic
chr2R   	89	6948356 	6948284 	Lys	CTT	0	0	78.0	56.00	22.00	Inf	Lys	121.4	cytosolic
chr2R   	90	6947810 	6947738 	Lys	CTT	0	0	78.0	56.00	22.00	Inf	Lys	121.4	cytosolic
chr2R   	91	6946880 	6946808 	Lys	CTT	0	0	78.0	56.00	22.00	Inf	Lys	121.4	cytosolic
chr2R   	92	6190202 	6190129 	Asn	GTT	0	0	81.8	58.70	23.10	Inf	Asn	119.4	cytosolic
chr2R   	93	6178656 	6178584 	Arg	ACG	0	0	66.7	47.20	19.50	Inf	Arg	102.6	cytosolic
chr2R   	94	6171568 	6171496 	Lys	CTT	0	0	78.0	56.00	22.00	Inf	Lys	121.4	cytosolic
chr2R   	95	6164948 	6164876 	Lys	CTT	0	0	78.0	56.00	22.00	Inf	Lys	121.4	cytosolic
chr2R   	96	6162753 	6162681 	Lys	CTT	0	0	78.0	56.00	22.00	Inf	Lys	121.4	cytosolic
chr2R   	97	6162096 	6162023 	Asn	GTT	0	0	81.8	58.70	23.10	Inf	Asn	119.4	cytosolic
chr2R   	98	6153579 	6153506 	Asn	GTT	0	0	81.8	58.70	23.10	Inf	Asn	119.4	cytosolic
chr2R   	99	6152676 	6152603 	Asn	GTT	0	0	81.8	58.70	23.10	Inf	Asn	119.4	cytosolic
chr2R   	100	6142444 	6142372 	Lys	CTT	0	0	78.0	56.00	22.00	Inf	Lys	121.4	cytosolic
chr3L   	1	769503  	769600  	Ile	TAT	769541	769564	66.7	39.50	27.20	Inf	Ile	102.9	cytosolic
chr3L   	2	770363  	770462  	Ile	TAT	770401	770426	66.6	39.30	27.30	Inf	Ile	102.9	cytosolic
chr3L   	3	1379934 	1380005 	Glu	CTC	0	0	70.7	43.40	27.30	Inf	Glu	103.6	cytosolic
chr3L   	4	1380238 	1380309 	Glu	CTC	0	0	70.7	43.40	27.30	Inf	Glu	103.6	cytosolic
chr3L   	5	1380529 	1380600 	Glu	CTC	0	0	70.7	43.40	27.30	Inf	Glu	103.6	cytosolic
chr3L   	6	1397695 	1397766 	Glu	CTC	0	0	70.7	43.40	27.30	Inf	Glu	103.6	cytosolic
chr3L   	7	1397932 	1398003 	Glu	CTC	0	0	70.7	43.40	27.30	Inf	Glu	103.6	cytosolic
chr3L   	8	1398169 	1398240 	Glu	CTC	0	0	70.7	43.40	27.30	Inf	Glu	103.6	cytosolic
chr3L   	9	1398406 	1398477 	Glu	CTC	0	0	70.7	43.40	27.30	Inf	Glu	103.6	cytosolic
chr3L   	10	1401440 	1401511 	Glu	CTC	0	0	70.7	43.40	27.30	Inf	Glu	103.6	cytosolic
chr3L   	11	1401781 	1401852 	Glu	CTC	0	0	70.7	43.40	27.30	Inf	Glu	103.6	cytosolic
chr3L   	12	1925641 	1925712 	Cys	GCA	0	0	74.0	51.80	22.20	Inf	Cys	105.4	cytosolic
chr3L   	13	2273744 	2273815 	Cys	GCA	0	0	73.7	52.10	21.60	Inf	Cys	116.1	cytosolic
chr3L   	14	3095737 	3095808 	Cys	GCA	0	0	75.0	52.10	22.90	Inf	Cys	111.8	cytosolic
chr3L   	15	3095991 	3096062 	Cys	GCA	0	0	75.0	52.10	22.90	Inf	Cys	111.8	cytosolic
chr3L   	16	3096369 	3096440 	Cys	GCA	0	0	75.0	52.10	22.90	Inf	Cys	111.8	cytosolic
chr3L   	17	3096604 	3096676 	Lys	CTT	0	0	78.0	56.00	22.00	Inf	Lys	121.4	cytosolic
chr3L   	18	3097519 	3097590 	Cys	GCA	0	0	75.0	52.10	22.90	Inf	Cys	111.8	cytosolic
chr3L   	19	5342084 	5342165 	Ser	AGA	0	0	87.9	54.60	33.30	Inf	Ser	114.5	cytosolic
chr3L   	20	5356343 	5356415 	Val	TAC	0	0	73.2	40.70	32.50	Inf	Val	107.6	cytosolic
chr3L   	21	8903349 	8903422 	Pseudo	AGT	0	0	41.4	45.60	-4.20	Inf	Thr	70.3	cytosolic
chr3L   	22	13211214	13211285	Pro	AGG	0	0	65.5	41.00	24.50	Inf	Pro	113.8	cytosolic
chr3L   	23	13211551	13211622	Pro	AGG	0	0	65.5	41.00	24.50	Inf	Pro	113.8	cytosolic
chr3L   	24	13212365	13212436	Pro	AGG	0	0	65.5	41.00	24.50	Inf	Pro	113.8	cytosolic
chr3L   	25	13214109	13214233	Leu	CAA	13214147	13214188	81.9	55.50	26.40	Inf	Leu	130.4	cytosolic
chr3L   	26	13249547	13249618	Asp	GTC	0	0	67.9	38.80	29.10	Inf	Asp	113.7	cytosolic
chr3L   	27	13433048	13433120	Val	AAC	0	0	76.2	46.50	29.70	Inf	Val	112.4	cytosolic
chr3L   	28	14674344	14674415	Met	CAT	0	0	68.2	41.30	26.90	Inf	iMet	122.6	cytosolic
chr3L   	29	16222031	16222103	Met	CAT	0	0	77.2	56.50	20.70	Inf	Met	113.8	cytosolic
chr3L   	30	16349917	16349989	Met	CAT	0	0	77.2	56.50	20.70	Inf	Met	113.8	cytosolic
chr3L   	31	18618390	18618461	Pro	CGG	0	0	68.1	40.40	27.70	Inf	Pro	118.1	cytosolic
chr3L   	32	22843264	22843346	Leu	CAG	0	0	84.1	53.10	31.00	Inf	Leu	126.4	cytosolic
chr3L   	33	22847796	22847725	Glu	CTC	0	0	70.7	43.40	27.30	Inf	Glu	104.1	cytosolic
chr3L   	34	21854165	21854094	Cys	GCA	0	0	69.0	47.40	21.60	Inf	Cys	112.3	cytosolic
chr3L   	35	17339980	17339909	Pro	CGG	0	0	68.1	40.40	27.70	Inf	Pro	118.1	cytosolic
chr3L   	36	14674013	14673942	Met	CAT	0	0	68.2	41.30	26.90	Inf	iMet	122.6	cytosolic
chr3L   	37	13433718	13433646	Val	AAC	0	0	76.2	46.50	29.70	Inf	Val	112.4	cytosolic
chr3L   	38	11801542	11801471	Gln	TTG	0	0	69.2	40.80	28.40	Inf	Gln	114.1	cytosolic
chr3L   	39	8068290 	8068208 	Leu	CAG	0	0	84.1	53.10	31.00	Inf	Leu	126.4	cytosolic
chr3L   	40	8066076 	8065994 	Leu	CAG	0	0	84.1	53.10	31.00	Inf	Leu	126.4	cytosolic
chr3L   	41	8065725 	8065643 	Leu	CAG	0	0	84.1	53.10	31.00	Inf	Leu	126.4	cytosolic
chr3L   	42	8060756 	8060674 	Leu	CAG	0	0	84.1	53.10	31.00	Inf	Leu	126.4	cytosolic
chr3L   	43	8060533 	8060451 	Leu	CAG	0	0	84.1	53.10	31.00	Inf	Leu	126.4	cytosolic
chr3L   	44	8060296 	8060214 	Leu	CAG	0	0	84.1	53.10	31.00	Inf	Leu	126.4	cytosolic
chr3L   	45	8028618 	8028546 	Ala	AGC	0	0	55.5	29.10	26.40	Inf	Ala	100.2	cytosolic
chr3L   	46	5356734 	5356662 	Val	TAC	0	0	73.2	40.70	32.50	Inf	Val	107.6	cytosolic
chr3L   	47	3122014 	3121942 	Met	CAT	0	0	76.6	55.50	21.10	Inf	Met	113.6	cytosolic
chr3L   	48	3096963 	3096891 	Lys	CTT	0	0	78.0	56.00	22.00	Inf	Lys	121.4	cytosolic
chr3L   	49	743794  	743723  	Met	CAT	0	0	68.2	41.30	26.90	Inf	iMet	122.6	cytosolic
chr3R   	1	5388228 	5388300 	Arg	TCG	0	0	66.0	46.60	19.40	Inf	Arg	99.3	cytosolic
chr3R   	2	6819894 	6819966 	Lys	TTT	0	0	84.0	62.70	21.30	Inf	Lys	107.6	cytosolic
chr3R   	3	6821789 	6821861 	Lys	TTT	0	0	84.0	62.70	21.30	Inf	Lys	107.6	cytosolic
chr3R   	4	7129864 	7129935 	Gly	TCC	0	0	72.1	48.80	23.30	Inf	Gly	102.8	cytosolic
chr3R   	5	7451297 	7451369 	Val	CAC	0	0	73.6	44.00	29.60	Inf	Val	112.0	cytosolic
chr3R   	6	7452060 	7452132 	Val	CAC	0	0	73.6	44.00	29.60	Inf	Val	112.0	cytosolic
chr3R   	7	8861880 	8861952 	Arg	TCG	0	0	69.8	50.30	19.50	Inf	Arg	102.7	cytosolic
chr3R   	8	8862933 	8863005 	Arg	TCG	0	0	69.8	50.30	19.50	Inf	Arg	102.7	cytosolic
chr3R   	9	12131355	12131427	Lys	TTT	0	0	84.0	62.70	21.30	Inf	Lys	107.6	cytosolic
chr3R   	10	12206575	12206646	Thr	TGT	0	0	77.6	50.00	27.60	Inf	Thr	90.4	cytosolic
chr3R   	11	13797953	13798025	Phe	GAA	0	0	83.2	58.90	24.30	Inf	Phe	123.8	cytosolic
chr3R   	12	16321403	16321475	Phe	GAA	0	0	83.2	58.90	24.30	Inf	Phe	123.8	cytosolic
chr3R   	13	16321690	16321762	Val	AAC	0	0	76.7	46.50	30.20	Inf	Val	113.3	cytosolic
chr3R   	14	16431940	16432013	Thr	AGT	0	0	68.7	55.50	13.20	Inf	Thr	97.9	cytosolic
chr3R   	15	17617761	17617833	Val	CAC	0	0	74.7	41.60	33.10	Inf	Val	116.0	cytosolic
chr3R   	16	17619738	17619810	Ala	AGC	0	0	55.5	29.10	26.40	Inf	Ala	100.2	cytosolic
chr3R   	17	17619961	17620032	Pro	TGG	0	0	68.5	42.00	26.50	Inf	Pro	118.1	cytosolic
chr3R   	18	17622546	17622618	Ala	AGC	0	0	55.5	29.10	26.40	Inf	Ala	100.2	cytosolic
chr3R   	19	17631679	17631750	Pro	TGG	0	0	68.5	42.00	26.50	Inf	Pro	118.1	cytosolic
chr3R   	20	17645610	17645681	Pro	TGG	0	0	68.5	42.00	26.50	Inf	Pro	118.1	cytosolic
chr3R   	21	17646368	17646440	Ala	AGC	0	0	55.5	29.10	26.40	Inf	Ala	100.2	cytosolic
chr3R   	22	17657145	17657217	Ala	AGC	0	0	59.2	32.70	26.50	Inf	Ala	98.6	cytosolic
chr3R   	23	17668187	17668259	Ala	AGC	0	0	55.5	29.10	26.40	Inf	Ala	100.2	cytosolic
chr3R   	24	18108637	18108708	Gly	TCC	0	0	72.1	48.80	23.30	Inf	Gly	102.8	cytosolic
chr3R   	25	18108993	18109064	Gly	TCC	0	0	72.1	48.80	23.30	Inf	Gly	102.8	cytosolic
chr3R   	26	19790122	19790194	Val	CAC	0	0	73.6	44.00	29.60	Inf	Val	112.0	cytosolic
chr3R   	27	19790972	19791044	Ala	AGC	0	0	55.5	29.10	26.40	Inf	Ala	100.2	cytosolic
chr3R   	28	19802690	19802763	Thr	AGT	0	0	68.7	55.50	13.20	Inf	Thr	97.9	cytosolic
chr3R   	29	20890698	20890769	Thr	CGT	0	0	82.8	56.80	26.00	Inf	Thr	91.5	cytosolic
chr3R   	30	20891122	20891193	Thr	CGT	0	0	82.8	56.80	26.00	Inf	Thr	91.5	cytosolic
chr3R   	31	20891658	20891729	Thr	CGT	0	0	82.8	56.80	26.00	Inf	Thr	91.5	cytosolic
chr3R   	32	22396528	22396609	Ser	GCT	0	0	85.8	57.20	28.60	Inf	Ser	122.3	cytosolic
chr3R   	33	22397572	22397653	Ser	GCT	0	0	85.8	57.20	28.60	Inf	Ser	122.3	cytosolic
chr3R   	34	24112964	24113047	Leu	TAA	0	0	77.8	52.10	25.70	Inf	Leu	119.3	cytosolic
chr3R   	35	24265259	24265342	Leu	TAA	0	0	75.9	50.30	25.60	Inf	Leu	117.7	cytosolic
chr3R   	36	24555302	24555373	Asp	GTC	0	0	67.9	38.80	29.10	Inf	Asp	113.7	cytosolic
chr3R   	37	24914834	24914905	Asp	GTC	0	0	67.9	38.80	29.10	Inf	Asp	113.7	cytosolic
chr3R   	38	30248695	30248616	Leu	TAG	0	0	73.0	52.30	20.70	Inf	Leu	114.1	cytosolic
chr3R   	39	30248043	30247964	Leu	TAG	0	0	73.0	52.30	20.70	Inf	Leu	114.1	cytosolic
chr3R   	40	26947583	26947512	Gln	TTG	0	0	69.2	40.80	28.40	Inf	Gln	114.1	cytosolic
chr3R   	41	26947334	26947263	Gln	TTG	0	0	69.2	40.80	28.40	Inf	Gln	114.1	cytosolic
chr3R   	42	24915131	24915060	Asp	GTC	0	0	57.9	37.70	20.20	Inf	Asp	105.9	cytosolic
chr3R   	43	23601455	23601333	Leu	CAA	23601417	23601378	82.0	55.60	26.40	Inf	Leu	130.4	cytosolic
chr3R   	44	22397261	22397180	Ser	GCT	0	0	90.5	61.80	28.70	Inf	Ser	127.0	cytosolic
chr3R   	45	22396880	22396799	Ser	GCT	0	0	85.8	57.20	28.60	Inf	Ser	122.3	cytosolic
chr3R   	46	20604832	20604749	Leu	TAA	0	0	80.7	52.50	28.20	Inf	Leu	120.0	cytosolic
chr3R   	47	19672349	19672277	Val	CAC	0	0	73.6	44.00	29.60	Inf	Val	112.0	cytosolic
chr3R   	48	18628538	18628467	Pro	TGG	0	0	68.5	42.00	26.50	Inf	Pro	118.1	cytosolic
chr3R   	49	17658453	17658381	Ala	AGC	0	0	55.5	29.10	26.40	Inf	Ala	100.2	cytosolic
chr3R   	50	17646755	17646683	Ala	AGC	0	0	55.5	29.10	26.40	Inf	Ala	100.2	cytosolic
chr3R   	51	17645379	17645307	Ala	AGC	0	0	55.5	29.10	26.40	Inf	Ala	100.2	cytosolic
chr3R   	52	17631114	17631042	Ala	AGC	0	0	55.5	29.10	26.40	Inf	Ala	100.2	cytosolic
chr3R   	53	17629158	17629086	Val	AAC	0	0	76.7	46.50	30.20	Inf	Val	113.3	cytosolic
chr3R   	54	17624879	17624806	Thr	AGT	0	0	68.7	55.50	13.20	Inf	Thr	97.9	cytosolic
chr3R   	55	17624638	17624565	Thr	AGT	0	0	68.7	55.50	13.20	Inf	Thr	97.9	cytosolic
chr3R   	56	17620216	17620144	Ala	AGC	0	0	55.5	29.10	26.40	Inf	Ala	100.2	cytosolic
chr3R   	57	17618181	17618110	Pro	TGG	0	0	68.5	42.00	26.50	Inf	Pro	118.1	cytosolic
chr3R   	58	16425060	16424987	Thr	AGT	0	0	68.7	55.50	13.20	Inf	Thr	97.9	cytosolic
chr3R   	59	14044606	14044525	Ser	GCT	0	0	85.8	57.20	28.60	Inf	Ser	122.3	cytosolic
chr3R   	60	13798270	13798198	Phe	GAA	0	0	83.2	58.90	24.30	Inf	Phe	123.8	cytosolic
chr3R   	61	12322634	12322563	Thr	TGT	0	0	76.5	50.70	25.80	Inf	Thr	94.8	cytosolic
chr3R   	62	10278135	10278054	Ser	GCT	0	0	85.8	57.20	28.60	Inf	Ser	122.3	cytosolic
chr3R   	63	8669174 	8669081 	Tyr	GTA	8669137	8669117	81.4	55.90	25.50	Inf	Tyr	124.0	cytosolic
chr3R   	64	8668705 	8668612 	Tyr	GTA	8668668	8668648	81.4	55.90	25.50	Inf	Tyr	124.0	cytosolic
chr3R   	65	8668208 	8668116 	Tyr	GTA	8668171	8668152	81.4	56.00	25.40	Inf	Tyr	124.0	cytosolic
chr3R   	66	8642793 	8642701 	Tyr	GTA	8642756	8642737	81.4	56.00	25.40	Inf	Tyr	124.0	cytosolic
chr3R   	67	8642425 	8642333 	Tyr	GTA	8642388	8642369	81.4	56.00	25.40	Inf	Tyr	124.0	cytosolic
chr3R   	68	8141042 	8140970 	Arg	ACG	0	0	66.7	47.20	19.50	Inf	Arg	102.6	cytosolic
chr3R   	69	8140799 	8140727 	Arg	ACG	0	0	66.7	47.20	19.50	Inf	Arg	102.6	cytosolic
chr3R   	70	8140548 	8140476 	Arg	ACG	0	0	66.7	47.20	19.50	Inf	Arg	102.6	cytosolic
chr3R   	71	8140295 	8140223 	Arg	ACG	0	0	66.7	47.20	19.50	Inf	Arg	102.6	cytosolic
chr3R   	72	8140023 	8139951 	Arg	ACG	0	0	66.7	47.20	19.50	Inf	Arg	102.6	cytosolic
chr3R   	73	8139606 	8139533 	Asn	GTT	0	0	81.8	58.70	23.10	Inf	Asn	119.4	cytosolic
chr3R   	74	7475975 	7475903 	Val	CAC	0	0	73.6	44.00	29.60	Inf	Val	112.0	cytosolic
chr3R   	75	7472132 	7472060 	Val	CAC	0	0	73.6	44.00	29.60	Inf	Val	112.0	cytosolic
chr3R   	76	7131018 	7130947 	Gly	TCC	0	0	72.1	48.80	23.30	Inf	Gly	102.8	cytosolic
chr3R   	77	6823035 	6822963 	Lys	TTT	0	0	84.0	62.70	21.30	Inf	Lys	107.6	cytosolic
chr3R   	78	6821140 	6821068 	Lys	TTT	0	0	84.0	62.70	21.30	Inf	Lys	107.6	cytosolic
chr3R   	79	6496111 	6496039 	Met	CAT	0	0	77.2	56.50	20.70	Inf	Met	113.8	cytosolic
chrX    	1	3819699 	3819770 	Gln	CTG	0	0	69.4	40.20	29.20	Inf	Gln	113.5	cytosolic
chrX    	2	3827622 	3827693 	Pro	CGG	0	0	66.1	41.20	24.90	Inf	Pro	116.9	cytosolic
chrX    	3	5832296 	5832370 	Pseudo	CTC	0	0	22.5	36.60	-14.10	Inf	Thr	26.9	cytosolic
chrX    	4	6516974 	6517046 	Phe	GAA	0	0	83.2	58.90	24.30	Inf	Phe	123.8	cytosolic
chrX    	5	14014814	14014886	Arg	TCG	0	0	69.8	50.30	19.50	Inf	Arg	102.7	cytosolic
chrX    	6	14015045	14015126	Ser	CGA	0	0	90.0	59.60	30.40	Inf	Ser	115.6	cytosolic
chrX    	7	14015445	14015526	Ser	CGA	0	0	90.0	59.60	30.40	Inf	Ser	115.6	cytosolic
chrX    	8	14016203	14016275	Arg	TCG	0	0	68.5	51.50	17.00	Inf	Arg	102.2	cytosolic
chrX    	9	14016808	14016880	Arg	TCG	0	0	68.5	51.50	17.00	Inf	Arg	102.2	cytosolic
chrX    	10	14017010	14017082	Arg	TCG	0	0	68.5	51.50	17.00	Inf	Arg	102.2	cytosolic
chrX    	11	14017212	14017284	Arg	TCG	0	0	68.5	51.50	17.00	Inf	Arg	102.2	cytosolic
chrX    	12	14070641	14070722	Ser	AGA	0	0	89.0	58.60	30.40	Inf	Ser	115.6	cytosolic
chrX    	13	14104649	14104730	Ser	AGA	0	0	87.0	56.70	30.30	Inf	Ser	112.0	cytosolic
chrX    	14	18565764	18565835	Pro	CGG	0	0	68.1	40.40	27.70	Inf	Pro	118.1	cytosolic
chrX    	15	20025099	20025170	Pro	CGG	0	0	68.6	41.00	27.60	Inf	Pro	121.4	cytosolic
chrX    	16	21232091	21232163	Arg	TCG	0	0	69.8	50.30	19.50	Inf	Arg	102.7	cytosolic
chrX    	17	21304713	21304820	Tyr	GTA	21304750	21304784	78.3	52.90	25.40	Inf	Tyr	117.4	cytosolic
chrX    	18	21304535	21304441	Tyr	GTA	21304498	21304477	81.3	55.90	25.40	Inf	Tyr	124.0	cytosolic
chrX    	19	21231399	21231325	Pseudo	AAT	0	0	36.9	41.10	-4.20	Inf	Ile	53.6	cytosolic
chrX    	20	14117810	14117729	Ser	AGA	0	0	87.9	54.60	33.30	Inf	Ser	114.5	cytosolic
chrX    	21	14103791	14103719	Arg	TCG	0	0	72.1	52.60	19.50	Inf	Arg	100.9	cytosolic
chrX    	22	14103444	14103363	Ser	CGA	0	0	90.0	59.60	30.40	Inf	Ser	115.6	cytosolic
chrX    	23	14025647	14025566	Ser	AGA	0	0	87.9	54.60	33.30	Inf	Ser	114.5	cytosolic
chrX    	24	14025190	14025109	Ser	AGA	0	0	87.0	56.70	30.30	Inf	Ser	112.0	cytosolic
chrX    	25	6744543 	6744471 	Phe	GAA	0	0	83.2	58.90	24.30	Inf	Phe	123.8	cytosolic
chrX    	26	3427523 	3427452 	Gln	TTG	0	0	67.2	38.80	28.40	Inf	Gln	111.5	cytosolic
Sequence		tRNA   	Bounds 	tRNA	Anti	Intron Bounds	Inf	HMM	2'Str	Isotype	Isotype	      
Name    	tRNA #	Begin  	End    	Type	Codon	Begin	End	Score	Score	Score	CM	Score	Note
--------	------	-----  	------ 	----	-----	-----	----	------	-----	-----	-------	-------	------
chr     	1	225381 	225457 	Ile	GAT	0	0	75.8	47.60	28.20	Ile	110.9	
chr     	2	225500 	225575 	Ala	TGC	0	0	78.1	53.10	25.00	Ala	115.6	
chr     	3	228928 	229004 	Asp	GTC	0	0	85.5	71.10	14.40	Asp	128.1	
chr     	4	236931 	237007 	Asp	GTC	0	0	85.5	71.10	14.40	Asp	128.1	
chr     	5	262871 	262946 	Thr	CGT	0	0	85.1	63.80	21.30	Thr	105.6	
chr     	6	297184 	297254 	Thr	CGT	0	0	44.2	27.80	16.40	Thr	49.5	trunc_start:6
chr     	7	564723 	564799 	Arg	TCT	0	0	86.6	61.20	25.40	Arg	103.5	
chr     	8	586007 	586101 	Undet	NNN	0	0	31.7	35.00	-3.30	Arg	36.2	pseudo,trunc_start:8
chr     	9	780554 	780629 	Lys	TTT	0	0	94.9	70.50	24.40	Lys	113.3	
chr     	10	780765 	780840 	Val	TAC	0	0	84.6	59.00	25.60	Val	110.9	
chr     	11	780843 	780918 	Lys	TTT	0	0	94.9	70.50	24.40	Lys	113.3	
chr     	12	781068 	781143 	Val	TAC	0	0	84.6	59.00	25.60	Val	110.9	
chr     	13	781147 	781222 	Lys	TTT	0	0	94.9	70.50	24.40	Lys	113.3	
chr     	14	781369 	781444 	Lys	TTT	0	0	94.9	70.50	24.40	Lys	113.3	
chr     	15	781577 	781652 	Lys	TTT	0	0	94.9	70.50	24.40	Lys	113.3	
chr     	16	1746435	1746511	Val	GAC	0	0	82.5	53.40	29.10	Val	101.9	
chr     	17	1746516	1746592	Val	GAC	0	0	85.9	59.60	26.30	Val	104.4	
chr     	18	2044549	2044624	Asn	GTT	0	0	79.7	48.60	31.10	Asn	115.2	
chr     	19	2059851	2059926	Asn	GTT	0	0	79.7	48.60	31.10	Asn	115.2	
chr     	20	2062260	2062335	Asn	GTT	0	0	79.7	48.60	31.10	Asn	115.2	
chr     	21	2286211	2286287	Pro	GGG	0	0	67.3	40.60	26.70	Pro	110.3	
chr     	22	2466309	2466383	Arg	CCT	0	0	62.5	30.50	32.00	Arg	77.7	
chr     	23	2520931	2521006	Val	TAC	0	0	84.6	59.00	25.60	Val	110.9	
chr     	24	2521051	2521126	Val	TAC	0	0	84.6	59.00	25.60	Val	110.9	
chr     	25	2521173	2521248	Val	TAC	0	0	84.6	59.00	25.60	Val	110.9	
chr     	26	2521253	2521328	Lys	TTT	0	0	94.9	70.50	24.40	Lys	113.3	
chr     	27	2755859	2755955	Undet	NNN	0	0	29.6	22.30	7.30	Ile2	28.4	trunc_start:6
chr     	28	2947387	2947463	fMet	CAT	0	0	77.5	50.60	26.90	fMet	129.5	
chr     	29	2947497	2947573	fMet	CAT	0	0	77.5	50.60	26.90	fMet	129.5	
chr     	30	2947607	2947683	fMet	CAT	0	0	77.5	50.60	26.90	fMet	129.5	
chr     	31	3110366	3110441	Phe	GAA	0	0	75.3	45.80	29.50	Phe	104.8	
chr     	32	3215598	3215673	Ile2	CAT	0	0	85.1	56.20	28.90	Ile2	111.7	
chr     	33	3836222	3836316	SeC	TCA	0	0	142.5	0.00	0.00	SeC	142.5	
chr     	34	3943435	3943510	Glu	TTC	0	0	66.6	35.80	30.80	Glu	105.4	
chr     	35	3946872	3946948	Asp	GTC	0	0	85.5	71.10	14.40	Asp	128.1	
chr     	36	3946957	3947032	Trp	CCA	0	0	79.9	61.00	18.90	Trp	98.7	
chr     	37	3982375	3982451	Arg	CCG	0	0	82.2	62.70	19.50	Arg	104.0	
chr     	38	3982510	3982585	His	GTG	0	0	78.7	53.40	25.30	His	106.7	
chr     	39	3982606	3982692	Leu	CAG	0	0	67.1	42.20	24.90	Leu	109.1	
chr     	40	3982735	3982811	Pro	TGG	0	0	82.4	54.50	27.90	Pro	115.0	
chr     	41	4037141	4037217	Ile	GAT	0	0	75.8	47.60	28.20	Ile	110.9	
chr     	42	4037260	4037335	Ala	TGC	0	0	78.1	53.10	25.00	Ala	115.6	
chr     	43	4168372	4168447	Glu	TTC	0	0	66.6	35.80	30.80	Glu	105.4	
chr     	44	4175388	4175463	Thr	TGT	0	0	81.3	59.30	22.00	Thr	106.1	
chr     	45	4175472	4175556	Tyr	GTA	0	0	73.0	42.20	30.80	Tyr	118.5	
chr     	46	4175673	4175747	Gly	TCC	0	0	70.6	42.90	27.70	Gly	86.6	
chr     	47	4175754	4175829	Thr	GGT	0	0	84.7	50.10	34.60	Thr	103.0	
chr     	48	4209774	4209849	Glu	TTC	0	0	66.6	35.80	30.80	Glu	105.4	
chr     	49	4392360	4392435	Gly	GCC	0	0	88.4	61.80	26.60	Gly	113.7	
chr     	50	4392472	4392547	Gly	GCC	0	0	88.4	61.80	26.60	Gly	113.7	
chr     	51	4392583	4392658	Gly	GCC	0	0	88.4	61.80	26.60	Gly	113.7	
chr     	52	4496405	4496489	Leu	CAA	0	0	79.3	46.00	33.30	Leu	110.3	
chr     	53	4606401	4606315	Leu	CAG	0	0	67.1	42.20	24.90	Leu	109.1	
chr     	54	4606286	4606200	Leu	CAG	0	0	65.0	42.50	22.50	Leu	106.8	
chr     	55	4606165	4606079	Leu	CAG	0	0	67.1	42.20	24.90	Leu	109.1	
chr     	56	4362626	4362551	Phe	GAA	0	0	75.3	45.80	29.50	Phe	104.8	
chr     	57	3708692	3708616	Pro	CGG	0	0	76.0	43.90	32.10	Pro	109.5	
chr     	58	3427152	3427076	Ile	GAT	0	0	75.8	47.60	28.20	Ile	110.9	
chr     	59	3427033	3426958	Ala	TGC	0	0	78.1	53.10	25.00	Ala	115.6	
chr     	60	3423655	3423580	Thr	GGT	0	0	79.8	42.80	37.00	Thr	99.7	
chr     	61	3322158	3322072	Leu	GAG	0	0	64.5	38.70	25.80	Leu	103.6	
chr     	62	3318289	3318213	fMet	CAT	0	0	75.5	48.60	26.90	fMet	125.8	
chr     	63	2999057	2998984	Gly	CCC	0	0	81.1	54.70	26.40	Gly	100.5	
chr     	64	2818645	2818553	Ser	GCT	0	0	83.4	46.30	37.10	Ser	109.5	
chr     	65	2818549	2818473	Arg	ACG	0	0	85.1	59.80	25.30	Arg	100.6	
chr     	66	2818274	2818198	Arg	ACG	0	0	85.1	59.80	25.30	Arg	100.6	
chr     	67	2818135	2818059	Arg	ACG	0	0	85.1	59.80	25.30	Arg	100.6	
chr     	68	2817860	2817784	Arg	ACG	0	0	85.1	59.80	25.30	Arg	100.6	
chr     	69	2785837	2785762	Ile2	CAT	0	0	84.7	55.50	29.20	Ile2	112.8	
chr     	70	2729444	2729369	Glu	TTC	0	0	66.6	35.80	30.80	Glu	105.4	
chr     	71	2518231	2518156	Ala	GGC	0	0	75.0	52.50	22.50	Ala	114.0	
chr     	72	2518116	2518041	Ala	GGC	0	0	75.0	52.50	22.50	Ala	114.0	
chr     	73	2058102	2058027	Asn	GTT	0	0	79.7	48.60	31.10	Asn	115.2	
chr     	74	2043557	2043468	Ser	CGA	0	0	90.4	54.50	35.90	Ser	122.4	
chr     	75	1992117	1992042	Gly	GCC	0	0	88.4	61.80	26.60	Gly	113.7	
chr     	76	1991987	1991914	Cys	GCA	0	0	63.0	27.10	35.90	Cys	86.2	
chr     	77	1991901	1991815	Leu	TAA	0	0	71.7	41.40	30.30	Leu	101.8	
chr     	78	1287622	1287538	Tyr	GTA	0	0	72.2	43.00	29.20	Tyr	119.1	
chr     	79	1287328	1287244	Tyr	GTA	0	0	72.2	43.00	29.20	Tyr	119.1	
chr     	80	1097652	1097565	Ser	GGA	0	0	76.9	38.30	38.60	Ser	117.0	
chr     	81	1031712	1031625	Ser	TGA	0	0	83.5	47.20	36.30	Ser	103.3	
chr     	82	925971 	925884 	Ser	GGA	0	0	76.9	38.30	38.60	Ser	117.0	
chr     	83	697133 	697057 	Met	CAT	0	0	84.4	63.20	21.20	Met	111.6	
chr     	84	697047 	696963 	Leu	TAG	0	0	74.1	46.80	27.30	Leu	115.3	
chr     	85	696939 	696865 	Gln	TTG	0	0	70.4	38.40	32.00	Gln	101.4	
chr     	86	696830 	696756 	Gln	TTG	0	0	70.4	38.40	32.00	Gln	101.4	
chr     	87	696740 	696664 	Met	CAT	0	0	84.4	63.20	21.20	Met	111.6	
chr     	88	696616 	696542 	Gln	CTG	0	0	70.8	39.90	30.90	Gln	100.0	
chr     	89	696504 	696430 	Gln	CTG	0	0	70.8	39.90	30.90	Gln	100.0	
