Sequence		tRNA   	Bounds 	tRNA	Anti	Intron Bounds	CM	HMM	2'Str	Hit	Isotype	Isotype	Type
Name    	tRNA #	Begin  	End    	Type	Codon	Begin	End	Score	Score	Score	Origin	CM	Score	
--------	------	----   	------ 	----	-----	-----	----	------	-----	-----	------	-------	-------	---------
chrI    	1	365155 	365226 	Pro	TGG	0	0	65.3	36.20	29.10	Inf	Pro	76.8	cytosolic
chrI    	2	446000 	446071 	Val	CAC	0	0	64.7	37.80	26.90	Inf	Val	83.7	cytosolic
chrI    	3	957183 	957254 	Glu	TTC	0	0	55.8	21.50	34.30	Inf	Glu	96.6	cytosolic
chrI    	4	1096369	1096466	Ser	CGA	1096406	1096421	83.9	51.40	32.50	Inf	Ser	122.7	cytosolic
chrI    	5	1096474	1096545	Met	CAT	0	0	67.2	31.50	35.70	Inf	Met	64.7	cytosolic
chrI    	6	1421149	1421221	Cys	GCA	0	0	65.6	48.80	16.80	Inf	Cys	82.1	cytosolic
chrI    	7	1704582	1704664	Lys	CTT	1704621	1704628	70.2	47.00	23.20	Inf	Arg	93.9	cytosolic
chrI    	8	1746464	1746547	Tyr	GTA	1746502	1746511	61.7	37.10	24.60	Inf	Sup	75.0	cytosolic
chrI    	9	1772296	1772369	Ile	AAT	0	0	59.0	27.50	31.50	Inf	Val	74.3	cytosolic
chrI    	10	2433048	2433119	Thr	AGT	0	0	79.8	54.00	25.80	Inf	Thr	76.4	cytosolic
chrI    	11	2441963	2442037	Lys	TTT	0	0	69.6	45.30	24.30	Inf	Asn	82.3	cytosolic
chrI    	12	2510538	2510610	Cys	GCA	0	0	63.7	45.40	18.30	Inf	Cys	80.9	cytosolic
chrI    	13	2578426	2578524	Ile	TAT	2578464	2578488	64.5	40.70	23.80	Inf	Ile	80.9	cytosolic
chrI    	14	3086310	3086392	Lys	CTT	3086349	3086356	70.2	47.00	23.20	Inf	Arg	93.9	cytosolic
chrI    	15	3157430	3157501	Ala	TGC	0	0	67.9	39.60	28.30	Inf	Ala	86.6	cytosolic
chrI    	16	3164749	3164820	Thr	CGT	0	0	72.5	53.30	19.20	Inf	Thr	83.4	cytosolic
chrI    	17	3443055	3443144	Arg	CCG	3443091	3443108	30.8	17.00	13.80	Inf	Arg	55.6	cytosolic
chrI    	18	3591948	3592044	Leu	TAG	3591985	3592002	54.3	35.60	18.70	Inf	Leu	76.7	cytosolic
chrI    	19	3700665	3700737	Cys	GCA	0	0	65.6	48.80	16.80	Inf	Cys	82.1	cytosolic
chrI    	20	3701556	3701628	Phe	GAA	0	0	67.1	46.50	20.60	Inf	Phe	71.6	cytosolic
chrI    	21	3736520	3736592	Arg	ACG	0	0	68.8	51.30	17.50	Inf	Arg	98.0	cytosolic
chrI    	22	3768290	3768363	Ile	AAT	0	0	62.0	33.40	28.60	Inf	Val	76.5	cytosolic
chrI    	23	3776768	3776839	Glu	CTC	0	0	68.8	35.80	33.00	Inf	Glu	99.1	cytosolic
chrI    	24	3777192	3777265	Ala	AGC	0	0	59.9	25.20	34.70	Inf	Ala	74.3	cytosolic
chrI    	25	4265149	4265245	Ser	TGA	4265186	4265200	84.7	52.40	32.30	Inf	Ser	123.3	cytosolic
chrI    	26	4265253	4265324	Met	CAT	0	0	67.2	31.50	35.70	Inf	Met	64.7	cytosolic
chrI    	27	4532857	4532927	Asp	GTC	0	0	66.2	36.80	29.40	Inf	Asp	65.7	cytosolic
chrI    	28	4715431	4715502	Thr	AGT	0	0	79.8	54.00	25.80	Inf	Thr	76.4	cytosolic
chrI    	29	4796977	4797059	Ala	CGC	4797013	4797023	66.3	38.40	27.90	Inf	Ala	100.7	cytosolic
chrI    	30	5437747	5437828	Ser	AGA	0	0	86.3	53.40	32.90	Inf	Ser	113.1	cytosolic
chrI    	31	5232987	5232917	Asp	GTC	0	0	66.2	36.80	29.40	Inf	Asp	65.7	cytosolic
chrI    	32	5045204	5045132	Arg	ACG	0	0	68.8	51.30	17.50	Inf	Arg	98.0	cytosolic
chrI    	33	4059106	4059028	Leu	AAG	0	0	58.4	31.90	26.50	Inf	Leu	87.8	cytosolic
chrI    	34	3773983	3773910	Ile	AAT	0	0	62.0	33.40	28.60	Inf	Val	76.5	cytosolic
chrI    	35	3765505	3765434	Glu	CTC	0	0	68.8	35.80	33.00	Inf	Glu	99.1	cytosolic
chrI    	36	3765081	3765008	Ala	AGC	0	0	59.9	25.20	34.70	Inf	Ala	74.3	cytosolic
chrI    	37	3752406	3752334	Phe	GAA	0	0	67.1	46.50	20.60	Inf	Phe	71.6	cytosolic
chrI    	38	3710821	3710739	Val	AAC	3710783	3710775	58.8	29.60	29.20	Inf	Val	74.3	cytosolic
chrI    	39	3559826	3559754	Trp	CCA	0	0	69.6	37.40	32.20	Inf	Thr	70.6	cytosolic
chrI    	40	3047758	3047677	Ser	AGA	0	0	86.3	53.40	32.90	Inf	Ser	113.1	cytosolic
chrI    	41	2844745	2844674	Thr	AGT	0	0	81.0	55.30	25.70	Inf	Thr	76.9	cytosolic
chrI    	42	2802858	2802761	Leu	TAA	2802820	2802802	57.0	32.00	25.00	Inf	Leu	77.6	cytosolic
chrI    	43	2684765	2684683	Lys	CTT	2684726	2684719	70.2	47.00	23.20	Inf	Arg	93.9	cytosolic
chrI    	44	2249250	2249180	Gly	GCC	0	0	70.8	39.10	31.70	Inf	Gly	94.8	cytosolic
chrI    	45	2214814	2214733	Val	AAC	2214776	2214769	58.9	31.40	27.50	Inf	Val	74.3	cytosolic
chrI    	46	1733838	1733764	Lys	TTT	0	0	69.6	45.30	24.30	Inf	Asn	82.3	cytosolic
chrI    	47	1646362	1646292	Gly	GCC	0	0	70.8	39.10	31.70	Inf	Gly	94.8	cytosolic
chrI    	48	1603376	1603305	Thr	AGT	0	0	79.8	54.00	25.80	Inf	Thr	76.4	cytosolic
chrI    	49	1527181	1527088	Leu	CAG	1527143	1527134	67.2	43.30	23.90	Inf	Leu	108.2	cytosolic
chrI    	50	1485061	1484979	Met	CAT	1485023	1485015	54.7	33.20	21.50	Inf	Thr	78.8	cytosolic
chrI    	51	1449469	1449398	Pro	AGG	0	0	58.4	34.80	23.60	Inf	Pro	81.9	cytosolic
chrI    	52	1315020	1314924	Pro	CGG	1314983	1314960	49.9	29.00	20.90	Inf	His	63.2	cytosolic
chrI    	53	1195663	1195592	Ala	TGC	0	0	67.9	39.60	28.30	Inf	Ala	86.6	cytosolic
chrI    	54	718190 	718119 	Glu	TTC	0	0	55.8	21.50	34.30	Inf	Glu	96.6	cytosolic
chrI    	55	703147 	703075 	Val	TAC	0	0	70.5	46.50	24.00	Inf	Val	84.9	cytosolic
chrII   	1	257454 	257525 	Gln	CTG	0	0	67.8	44.50	23.30	Inf	Gln	98.4	cytosolic
chrII   	2	326235 	326305 	Gly	TCC	0	0	58.7	33.20	25.50	Inf	Gly	82.0	cytosolic
chrII   	3	355920 	355991 	Gln	TTG	0	0	67.9	44.60	23.30	Inf	Gln	98.4	cytosolic
chrII   	4	464238 	464309 	His	GTG	0	0	65.4	43.20	22.20	Inf	His	90.6	cytosolic
chrII   	5	570156 	570226 	Gly	GCC	0	0	70.8	39.10	31.70	Inf	Gly	94.8	cytosolic
chrII   	6	658451 	658531 	Met	CAT	658489	658495	54.8	33.30	21.50	Inf	Thr	78.8	cytosolic
chrII   	7	717076 	717148 	Trp	CCA	0	0	69.6	37.40	32.20	Inf	Thr	70.6	cytosolic
chrII   	8	820491 	820562 	Glu	CTC	0	0	68.8	35.80	33.00	Inf	Glu	99.1	cytosolic
chrII   	9	960729 	960800 	His	GTG	0	0	65.4	43.20	22.20	Inf	His	90.6	cytosolic
chrII   	10	1503953	1504024	Thr	TGT	0	0	75.3	56.50	18.80	Inf	Thr	89.4	cytosolic
chrII   	11	1598511	1598594	Tyr	GTA	1598549	1598558	61.7	37.00	24.70	Inf	Sup	75.0	cytosolic
chrII   	12	1599706	1599788	Lys	CTT	1599745	1599752	70.2	47.00	23.20	Inf	Arg	93.9	cytosolic
chrII   	13	1600086	1600159	Ile	AAT	0	0	62.0	33.40	28.60	Inf	Val	76.5	cytosolic
chrII   	14	1602188	1602260	Arg	ACG	0	0	68.8	51.30	17.50	Inf	Arg	98.0	cytosolic
chrII   	15	1618293	1618366	Ile	AAT	0	0	62.0	33.40	28.60	Inf	Val	76.5	cytosolic
chrII   	16	1629159	1629241	Val	AAC	1629197	1629205	58.8	29.60	29.20	Inf	Val	74.3	cytosolic
chrII   	17	1629902	1629975	Ala	AGC	0	0	59.9	25.20	34.70	Inf	Ala	74.3	cytosolic
chrII   	18	1643849	1643932	Tyr	GTA	1643887	1643896	61.7	37.00	24.70	Inf	Sup	75.0	cytosolic
chrII   	19	1645044	1645126	Lys	CTT	1645083	1645090	70.2	47.00	23.20	Inf	Arg	93.9	cytosolic
chrII   	20	1645424	1645497	Ile	AAT	0	0	62.0	33.40	28.60	Inf	Val	76.5	cytosolic
chrII   	21	1774860	1774932	Trp	CCA	0	0	69.6	37.40	32.20	Inf	Thr	70.6	cytosolic
chrII   	22	1877221	1877292	Pro	AGG	0	0	58.4	34.80	23.60	Inf	Pro	81.9	cytosolic
chrII   	23	2032160	2032233	Asn	GTT	0	0	81.5	55.80	25.70	Inf	Asn	79.4	cytosolic
chrII   	24	2069487	2069557	Gly	CCC	0	0	59.7	31.20	28.50	Inf	Gly	86.5	cytosolic
chrII   	25	2319292	2319363	Pro	AGG	0	0	58.4	34.80	23.60	Inf	Pro	81.9	cytosolic
chrII   	26	2939715	2939786	Pro	AGG	0	0	58.4	34.80	23.60	Inf	Pro	81.9	cytosolic
chrII   	27	3350594	3350688	Ser	GCT	3350633	3350643	75.2	47.20	28.00	Inf	Ser	103.2	cytosolic
chrII   	28	3814134	3814216	Lys	CTT	3814173	3814180	70.2	47.00	23.20	Inf	Arg	93.9	cytosolic
chrII   	29	3814558	3814641	Tyr	GTA	3814596	3814605	62.6	37.30	25.30	Inf	Sup	66.7	cytosolic
chrII   	30	3914043	3914121	Leu	AAG	0	0	59.9	34.70	25.20	Inf	Leu	88.3	cytosolic
chrII   	31	3939227	3939297	Asp	GTC	0	0	66.2	36.80	29.40	Inf	Asp	65.7	cytosolic
chrII   	32	4031743	4031816	Asn	GTT	0	0	81.5	55.80	25.70	Inf	Asn	79.4	cytosolic
chrII   	33	4107639	4107710	Glu	CTC	0	0	68.8	35.80	33.00	Inf	Glu	99.1	cytosolic
chrII   	34	4210126	4210053	Asn	GTT	0	0	75.5	56.70	18.80	Inf	Asn	80.6	cytosolic
chrII   	35	3360590	3360519	Pro	TGG	0	0	65.1	36.60	28.50	Inf	Pro	78.5	cytosolic
chrII   	36	3209217	3209139	Leu	AAG	0	0	58.4	31.90	26.50	Inf	Leu	87.8	cytosolic
chrII   	37	2790446	2790375	Thr	AGT	0	0	79.8	54.00	25.80	Inf	Thr	76.4	cytosolic
chrII   	38	2768335	2768257	Leu	AAG	0	0	59.9	34.70	25.20	Inf	Leu	88.3	cytosolic
chrII   	39	2576448	2576376	Phe	GAA	0	0	68.2	47.40	20.80	Inf	Phe	70.6	cytosolic
chrII   	40	2434374	2434303	Met	CAT	0	0	67.2	31.50	35.70	Inf	Met	64.7	cytosolic
chrII   	41	1825858	1825787	Pro	AGG	0	0	58.4	34.80	23.60	Inf	Pro	81.9	cytosolic
chrII   	42	1647355	1647283	Arg	ACG	0	0	68.8	51.30	17.50	Inf	Arg	98.0	cytosolic
chrII   	43	1646900	1646829	Glu	TTC	0	0	55.8	21.50	34.30	Inf	Glu	96.6	cytosolic
chrII   	44	1646387	1646305	Val	AAC	1646349	1646341	58.8	29.60	29.20	Inf	Val	74.3	cytosolic
chrII   	45	1645644	1645571	Ala	AGC	0	0	59.9	25.20	34.70	Inf	Ala	74.3	cytosolic
chrII   	46	1644745	1644675	Gly	GCC	0	0	70.8	39.10	31.70	Inf	Gly	94.8	cytosolic
chrII   	47	1644183	1644080	Leu	CAA	1644145	1644127	62.5	43.00	19.50	Inf	Leu	104.0	cytosolic
chrII   	48	1630122	1630049	Ile	AAT	0	0	62.0	33.40	28.60	Inf	Val	76.5	cytosolic
chrII   	49	1619256	1619174	Val	AAC	1619218	1619210	58.8	29.60	29.20	Inf	Val	74.3	cytosolic
chrII   	50	1618513	1618440	Ala	AGC	0	0	59.9	25.20	34.70	Inf	Ala	74.3	cytosolic
chrII   	51	1602417	1602347	Asp	GTC	0	0	66.2	36.80	29.40	Inf	Asp	65.7	cytosolic
chrII   	52	1601562	1601491	Glu	TTC	0	0	55.8	21.50	34.30	Inf	Glu	96.6	cytosolic
chrII   	53	1601049	1600967	Val	AAC	1601011	1601003	58.8	29.60	29.20	Inf	Val	74.3	cytosolic
chrII   	54	1600306	1600233	Ala	AGC	0	0	59.9	25.20	34.70	Inf	Ala	74.3	cytosolic
chrII   	55	1599407	1599337	Gly	GCC	0	0	70.8	39.10	31.70	Inf	Gly	94.8	cytosolic
chrII   	56	1598845	1598742	Leu	CAA	1598807	1598789	62.5	43.00	19.50	Inf	Leu	104.0	cytosolic
chrII   	57	1598155	1598075	Met	CAT	1598117	1598111	54.8	33.40	21.40	Inf	Thr	78.8	cytosolic
chrII   	58	1598069	1597996	Asn	GTT	0	0	81.5	55.80	25.70	Inf	Asn	79.4	cytosolic
chrII   	59	1402541	1402444	Leu	TAA	1402503	1402485	57.0	32.10	24.90	Inf	Leu	77.6	cytosolic
chrII   	60	1160994	1160893	Arg	CCT	1160958	1160929	53.0	37.20	15.80	Inf	Arg	80.0	cytosolic
chrII   	61	744835 	744754 	Ser	AGA	0	0	86.3	53.40	32.90	Inf	Ser	113.1	cytosolic
chrII   	62	602699 	602625 	Lys	TTT	0	0	72.0	47.60	24.40	Inf	Asn	79.9	cytosolic
chrII   	63	326724 	326652 	Arg	TCT	0	0	63.5	50.80	12.70	Inf	Arg	95.0	cytosolic
chrII   	64	285459 	285389 	Gly	TCC	0	0	63.8	33.60	30.20	Inf	Gly	86.0	cytosolic
chrII   	65	258919 	258848 	Gln	CTG	0	0	67.8	44.50	23.30	Inf	Gln	98.4	cytosolic
chrII   	66	257979 	257908 	Gln	TTG	0	0	67.9	44.60	23.30	Inf	Gln	98.4	cytosolic
chrII   	67	181064 	180994 	Gly	GCC	0	0	70.8	39.10	31.70	Inf	Gly	94.8	cytosolic
chrIII  	1	71400  	71471  	His	GTG	0	0	65.4	43.20	22.20	Inf	His	90.6	cytosolic
chrIII  	2	140967 	141038 	Glu	CTC	0	0	68.8	35.80	33.00	Inf	Glu	99.1	cytosolic
chrIII  	3	578847 	578919 	Arg	TCT	0	0	68.4	51.50	16.90	Inf	Arg	97.5	cytosolic
chrIII  	4	817425 	817498 	Ile	AAT	0	0	59.0	27.50	31.50	Inf	Val	74.3	cytosolic
chrIII  	5	847701 	847782 	Ser	AGA	0	0	86.3	53.40	32.90	Inf	Ser	113.1	cytosolic
chrIII  	6	925852 	925924 	Arg	ACG	0	0	68.8	51.30	17.50	Inf	Arg	98.0	cytosolic
chrIII  	7	947262 	947335 	Asn	GTT	0	0	81.5	55.80	25.70	Inf	Asn	79.4	cytosolic
chrIII  	8	1066628	1066709	Ser	AGA	0	0	86.3	53.40	32.90	Inf	Ser	113.1	cytosolic
chrIII  	9	1068029	1068099	Asp	GTC	0	0	66.2	36.80	29.40	Inf	Asp	65.7	cytosolic
chrIII  	10	1069166	1069244	Leu	AAG	0	0	59.9	34.70	25.20	Inf	Leu	88.3	cytosolic
chrIII  	11	1071093	1071175	Lys	CTT	1071132	1071139	70.2	47.00	23.20	Inf	Arg	93.9	cytosolic
chrIII  	12	1092437	1092507	Asp	GTC	0	0	66.2	36.80	29.40	Inf	Asp	65.7	cytosolic
chrIII  	13	1092934	1093016	Val	AAC	1092972	1092980	58.8	29.60	29.20	Inf	Val	74.3	cytosolic
chrIII  	14	1102809	1102912	Leu	CAA	1102847	1102865	62.5	43.00	19.50	Inf	Leu	104.0	cytosolic
chrIII  	15	1105840	1105911	Thr	AGT	0	0	79.8	54.00	25.80	Inf	Thr	76.4	cytosolic
chrIII  	16	1106327	1106399	Arg	ACG	0	0	68.8	51.30	17.50	Inf	Arg	98.0	cytosolic
chrIII  	17	1253193	1253287	Ser	GCT	1253232	1253242	75.2	47.20	28.00	Inf	Ser	103.2	cytosolic
chrIII  	18	1475034	1475116	Lys	CTT	1475073	1475080	70.2	47.00	23.20	Inf	Arg	93.9	cytosolic
chrIII  	19	1689713	1689809	Ser	TGA	1689750	1689764	84.0	51.60	32.40	Inf	Ser	122.7	cytosolic
chrIII  	20	1689817	1689888	Met	CAT	0	0	67.2	31.50	35.70	Inf	Met	64.7	cytosolic
chrIII  	21	1701899	1701972	Asn	GTT	0	0	81.5	55.80	25.70	Inf	Asn	79.4	cytosolic
chrIII  	22	1788949	1789020	Pro	AGG	0	0	58.4	34.80	23.60	Inf	Pro	81.9	cytosolic
chrIII  	23	1844639	1844710	His	GTG	0	0	65.4	43.20	22.20	Inf	His	90.6	cytosolic
chrIII  	24	1863131	1863202	Gln	TTG	0	0	65.2	39.00	26.20	Inf	Gln	94.9	cytosolic
chrIII  	25	2037352	2037422	Gly	TCC	0	0	63.2	33.70	29.50	Inf	Gly	86.3	cytosolic
chrIII  	26	2072080	2072174	Ser	GCT	2072119	2072129	75.2	47.20	28.00	Inf	Ser	103.2	cytosolic
chrIII  	27	2139478	2139408	Asp	GTC	0	0	66.2	36.80	29.40	Inf	Asp	65.7	cytosolic
chrIII  	28	2075062	2074991	Gln	TTG	0	0	65.2	39.00	26.20	Inf	Gln	94.9	cytosolic
chrIII  	29	1776073	1775992	Ser	AGA	0	0	86.3	53.40	32.90	Inf	Ser	113.1	cytosolic
chrIII  	30	1361161	1361090	Thr	TGT	0	0	76.0	57.70	18.30	Inf	Thr	90.4	cytosolic
chrIII  	31	1206819	1206747	Val	TAC	0	0	70.5	46.50	24.00	Inf	Val	84.9	cytosolic
chrIII  	32	1142264	1142192	Phe	GAA	0	0	67.1	46.50	20.60	Inf	Phe	71.6	cytosolic
chrIII  	33	1139618	1139536	Lys	CTT	1139579	1139572	70.2	47.00	23.20	Inf	Arg	93.9	cytosolic
chrIII  	34	1106557	1106487	Asp	GTC	0	0	66.2	36.80	29.40	Inf	Asp	65.7	cytosolic
chrIII  	35	1106060	1105978	Val	AAC	1106022	1106014	58.8	29.60	29.20	Inf	Val	74.3	cytosolic
chrIII  	36	1097570	1097499	Glu	CTC	0	0	68.8	35.80	33.00	Inf	Glu	99.1	cytosolic
chrIII  	37	1096185	1096082	Leu	CAA	1096147	1096129	62.5	43.00	19.50	Inf	Leu	104.0	cytosolic
chrIII  	38	1093154	1093083	Thr	AGT	0	0	79.8	54.00	25.80	Inf	Thr	76.4	cytosolic
chrIII  	39	1092667	1092595	Arg	ACG	0	0	68.8	51.30	17.50	Inf	Arg	98.0	cytosolic
chrIII  	40	1068254	1068182	Arg	ACG	0	0	68.8	51.30	17.50	Inf	Arg	98.0	cytosolic
chrIII  	41	1067164	1067092	Arg	TCG	0	0	62.8	40.30	22.50	Inf	Arg	84.7	cytosolic
chrIII  	42	1065860	1065778	Val	AAC	1065822	1065814	58.8	29.60	29.20	Inf	Val	74.3	cytosolic
chrIII  	43	820637 	820567 	Gly	GCC	0	0	70.8	39.10	31.70	Inf	Gly	94.8	cytosolic
chrIII  	44	473280 	473199 	Ser	AGA	0	0	86.3	53.40	32.90	Inf	Ser	113.1	cytosolic
chrIII  	45	331300 	331228 	Phe	GAA	0	0	67.1	46.50	20.60	Inf	Phe	71.6	cytosolic
chrIII  	46	113786 	113716 	Gly	GCC	0	0	70.8	39.10	31.70	Inf	Gly	94.8	cytosolic
Sequence		tRNA   	Bounds 	tRNA	Anti	Intron Bounds	Inf	HMM	2'Str	Isotype	Isotype	      
Name    	tRNA #	Begin  	End    	Type	Codon	Begin	End	Score	Score	Score	CM	Score	Note
--------	------	-----  	------ 	----	-----	-----	----	------	-----	-----	-------	-------	------
chr     	1	225381 	225457 	Ile	GAT	0	0	75.8	47.60	28.20	Ile	110.9	
chr     	2	225500 	225575 	Ala	TGC	0	0	78.1	53.10	25.00	Ala	115.6	
chr     	3	228928 	229004 	Asp	GTC	0	0	85.5	71.10	14.40	Asp	128.1	
chr     	4	236931 	237007 	Asp	GTC	0	0	85.5	71.10	14.40	Asp	128.1	
chr     	5	262871 	262946 	Thr	CGT	0	0	85.1	63.80	21.30	Thr	105.6	
chr     	6	297184 	297254 	Thr	CGT	0	0	44.2	27.80	16.40	Thr	49.5	trunc_start:6
chr     	7	564723 	564799 	Arg	TCT	0	0	86.6	61.20	25.40	Arg	103.5	
chr     	8	586007 	586101 	Undet	NNN	0	0	31.7	35.00	-3.30	Arg	36.2	pseudo,trunc_start:8
chr     	9	780554 	780629 	Lys	TTT	0	0	94.9	70.50	24.40	Lys	113.3	
chr     	10	780765 	780840 	Val	TAC	0	0	84.6	59.00	25.60	Val	110.9	
chr     	11	780843 	780918 	Lys	TTT	0	0	94.9	70.50	24.40	Lys	113.3	
chr     	12	781068 	781143 	Val	TAC	0	0	84.6	59.00	25.60	Val	110.9	
chr     	13	781147 	781222 	Lys	TTT	0	0	94.9	70.50	24.40	Lys	113.3	
chr     	14	781369 	781444 	Lys	TTT	0	0	94.9	70.50	24.40	Lys	113.3	
chr     	15	781577 	781652 	Lys	TTT	0	0	94.9	70.50	24.40	Lys	113.3	
chr     	16	1746435	1746511	Val	GAC	0	0	82.5	53.40	29.10	Val	101.9	
chr     	17	1746516	1746592	Val	GAC	0	0	85.9	59.60	26.30	Val	104.4	
chr     	18	2044549	2044624	Asn	GTT	0	0	79.7	48.60	31.10	Asn	115.2	
chr     	19	2059851	2059926	Asn	GTT	0	0	79.7	48.60	31.10	Asn	115.2	
chr     	20	2062260	2062335	Asn	GTT	0	0	79.7	48.60	31.10	Asn	115.2	
chr     	21	2286211	2286287	Pro	GGG	0	0	67.3	40.60	26.70	Pro	110.3	
chr     	22	2466309	2466383	Arg	CCT	0	0	62.5	30.50	32.00	Arg	77.7	
chr     	23	2520931	2521006	Val	TAC	0	0	84.6	59.00	25.60	Val	110.9	
chr     	24	2521051	2521126	Val	TAC	0	0	84.6	59.00	25.60	Val	110.9	
chr     	25	2521173	2521248	Val	TAC	0	0	84.6	59.00	25.60	Val	110.9	
chr     	26	2521253	2521328	Lys	TTT	0	0	94.9	70.50	24.40	Lys	113.3	
chr     	27	2755859	2755955	Undet	NNN	0	0	29.6	22.30	7.30	Ile2	28.4	trunc_start:6
chr     	28	2947387	2947463	fMet	CAT	0	0	77.5	50.60	26.90	fMet	129.5	
chr     	29	2947497	2947573	fMet	CAT	0	0	77.5	50.60	26.90	fMet	129.5	
chr     	30	2947607	2947683	fMet	CAT	0	0	77.5	50.60	26.90	fMet	129.5	
chr     	31	3110366	3110441	Phe	GAA	0	0	75.3	45.80	29.50	Phe	104.8	
chr     	32	3215598	3215673	Ile2	CAT	0	0	85.1	56.20	28.90	Ile2	111.7	
chr     	33	3836222	3836316	SeC	TCA	0	0	142.5	0.00	0.00	SeC	142.5	
chr     	34	3943435	3943510	Glu	TTC	0	0	66.6	35.80	30.80	Glu	105.4	
chr     	35	3946872	3946948	Asp	GTC	0	0	85.5	71.10	14.40	Asp	128.1	
chr     	36	3946957	3947032	Trp	CCA	0	0	79.9	61.00	18.90	Trp	98.7	
chr     	37	3982375	3982451	Arg	CCG	0	0	82.2	62.70	19.50	Arg	104.0	
chr     	38	3982510	3982585	His	GTG	0	0	78.7	53.40	25.30	His	106.7	
chr     	39	3982606	3982692	Leu	CAG	0	0	67.1	42.20	24.90	Leu	109.1	
chr     	40	3982735	3982811	Pro	TGG	0	0	82.4	54.50	27.90	Pro	115.0	
chr     	41	4037141	4037217	Ile	GAT	0	0	75.8	47.60	28.20	Ile	110.9	
chr     	42	4037260	4037335	Ala	TGC	0	0	78.1	53.10	25.00	Ala	115.6	
chr     	43	4168372	4168447	Glu	TTC	0	0	66.6	35.80	30.80	Glu	105.4	
chr     	44	4175388	4175463	Thr	TGT	0	0	81.3	59.30	22.00	Thr	106.1	
chr     	45	4175472	4175556	Tyr	GTA	0	0	73.0	42.20	30.80	Tyr	118.5	
chr     	46	4175673	4175747	Gly	TCC	0	0	70.6	42.90	27.70	Gly	86.6	
chr     	47	4175754	4175829	Thr	GGT	0	0	84.7	50.10	34.60	Thr	103.0	
chr     	48	4209774	4209849	Glu	TTC	0	0	66.6	35.80	30.80	Glu	105.4	
chr     	49	4392360	4392435	Gly	GCC	0	0	88.4	61.80	26.60	Gly	113.7	
chr     	50	4392472	4392547	Gly	GCC	0	0	88.4	61.80	26.60	Gly	113.7	
chr     	51	4392583	4392658	Gly	GCC	0	0	88.4	61.80	26.60	Gly	113.7	
chr     	52	4496405	4496489	Leu	CAA	0	0	79.3	46.00	33.30	Leu	110.3	
chr     	53	4606401	4606315	Leu	CAG	0	0	67.1	42.20	24.90	Leu	109.1	
chr     	54	4606286	4606200	Leu	CAG	0	0	65.0	42.50	22.50	Leu	106.8	
chr     	55	4606165	4606079	Leu	CAG	0	0	67.1	42.20	24.90	Leu	109.1	
chr     	56	4362626	4362551	Phe	GAA	0	0	75.3	45.80	29.50	Phe	104.8	
chr     	57	3708692	3708616	Pro	CGG	0	0	76.0	43.90	32.10	Pro	109.5	
chr     	58	3427152	3427076	Ile	GAT	0	0	75.8	47.60	28.20	Ile	110.9	
chr     	59	3427033	3426958	Ala	TGC	0	0	78.1	53.10	25.00	Ala	115.6	
chr     	60	3423655	3423580	Thr	GGT	0	0	79.8	42.80	37.00	Thr	99.7	
chr     	61	3322158	3322072	Leu	GAG	0	0	64.5	38.70	25.80	Leu	103.6	
chr     	62	3318289	3318213	fMet	CAT	0	0	75.5	48.60	26.90	fMet	125.8	
chr     	63	2999057	2998984	Gly	CCC	0	0	81.1	54.70	26.40	Gly	100.5	
chr     	64	2818645	2818553	Ser	GCT	0	0	83.4	46.30	37.10	Ser	109.5	
chr     	65	2818549	2818473	Arg	ACG	0	0	85.1	59.80	25.30	Arg	100.6	
chr     	66	2818274	2818198	Arg	ACG	0	0	85.1	59.80	25.30	Arg	100.6	
chr     	67	2818135	2818059	Arg	ACG	0	0	85.1	59.80	25.30	Arg	100.6	
chr     	68	2817860	2817784	Arg	ACG	0	0	85.1	59.80	25.30	Arg	100.6	
chr     	69	2785837	2785762	Ile2	CAT	0	0	84.7	55.50	29.20	Ile2	112.8	
chr     	70	2729444	2729369	Glu	TTC	0	0	66.6	35.80	30.80	Glu	105.4	
chr     	71	2518231	2518156	Ala	GGC	0	0	75.0	52.50	22.50	Ala	114.0	
chr     	72	2518116	2518041	Ala	GGC	0	0	75.0	52.50	22.50	Ala	114.0	
chr     	73	2058102	2058027	Asn	GTT	0	0	79.7	48.60	31.10	Asn	115.2	
chr     	74	2043557	2043468	Ser	CGA	0	0	90.4	54.50	35.90	Ser	122.4	
chr     	75	1992117	1992042	Gly	GCC	0	0	88.4	61.80	26.60	Gly	113.7	
chr     	76	1991987	1991914	Cys	GCA	0	0	63.0	27.10	35.90	Cys	86.2	
chr     	77	1991901	1991815	Leu	TAA	0	0	71.7	41.40	30.30	Leu	101.8	
chr     	78	1287622	1287538	Tyr	GTA	0	0	72.2	43.00	29.20	Tyr	119.1	
chr     	79	1287328	1287244	Tyr	GTA	0	0	72.2	43.00	29.20	Tyr	119.1	
chr     	80	1097652	1097565	Ser	GGA	0	0	76.9	38.30	38.60	Ser	117.0	
chr     	81	1031712	1031625	Ser	TGA	0	0	83.5	47.20	36.30	Ser	103.3	
chr     	82	925971 	925884 	Ser	GGA	0	0	76.9	38.30	38.60	Ser	117.0	
chr     	83	697133 	697057 	Met	CAT	0	0	84.4	63.20	21.20	Met	111.6	
chr     	84	697047 	696963 	Leu	TAG	0	0	74.1	46.80	27.30	Leu	115.3	
chr     	85	696939 	696865 	Gln	TTG	0	0	70.4	38.40	32.00	Gln	101.4	
chr     	86	696830 	696756 	Gln	TTG	0	0	70.4	38.40	32.00	Gln	101.4	
chr     	87	696740 	696664 	Met	CAT	0	0	84.4	63.20	21.20	Met	111.6	
chr     	88	696616 	696542 	Gln	CTG	0	0	70.8	39.90	30.90	Gln	100.0	
chr     	89	696504 	696430 	Gln	CTG	0	0	70.8	39.90	30.90	Gln	100.0	
