Sequence		tRNA   	Bounds 	tRNA	Anti	Intron Bounds	Inf	HMM	2'Str	Isotype	Isotype	      
Name    	tRNA #	Begin  	End    	Type	Codon	Begin	End	Score	Score	Score	CM	Score	Note
--------	------	-----  	------ 	----	-----	-----	----	------	-----	-----	-------	-------	------
chr     	1	225381 	225457 	Ile	GAT	0	0	75.8	47.60	28.20	Ile	110.9	
chr     	2	225500 	225575 	Ala	TGC	0	0	78.1	53.10	25.00	Ala	115.6	
chr     	3	228928 	229004 	Asp	GTC	0	0	85.5	71.10	14.40	Asp	128.1	
chr     	4	236931 	237007 	Asp	GTC	0	0	85.5	71.10	14.40	Asp	128.1	
chr     	5	262871 	262946 	Thr	CGT	0	0	85.1	63.80	21.30	Thr	105.6	
chr     	6	297184 	297254 	Thr	CGT	0	0	44.2	27.80	16.40	Thr	49.5	trunc_start:6
chr     	7	564723 	564799 	Arg	TCT	0	0	86.6	61.20	25.40	Arg	103.5	
chr     	8	586007 	586101 	Undet	NNN	0	0	31.7	35.00	-3.30	Arg	36.2	pseudo,trunc_start:8
chr     	9	780554 	780629 	Lys	TTT	0	0	94.9	70.50	24.40	Lys	113.3	
chr     	10	780765 	780840 	Val	TAC	0	0	84.6	59.00	25.60	Val	110.9	
chr     	11	780843 	780918 	Lys	TTT	0	0	94.9	70.50	24.40	Lys	113.3	
chr     	12	781068 	781143 	Val	TAC	0	0	84.6	59.00	25.60	Val	110.9	
chr     	13	781147 	781222 	Lys	TTT	0	0	94.9	70.50	24.40	Lys	113.3	
chr     	14	781369 	781444 	Lys	TTT	0	0	94.9	70.50	24.40	Lys	113.3	
chr     	15	781577 	781652 	Lys	TTT	0	0	94.9	70.50	24.40	Lys	113.3	
chr     	16	1746435	1746511	Val	GAC	0	0	82.5	53.40	29.10	Val	101.9	
chr     	17	1746516	1746592	Val	GAC	0	0	85.9	59.60	26.30	Val	104.4	
chr     	18	2044549	2044624	Asn	GTT	0	0	79.7	48.60	31.10	Asn	115.2	
chr     	19	2059851	2059926	Asn	GTT	0	0	79.7	48.60	31.10	Asn	115.2	
chr     	20	2062260	2062335	Asn	GTT	0	0	79.7	48.60	31.10	Asn	115.2	
chr     	21	2286211	2286287	Pro	GGG	0	0	67.3	40.60	26.70	Pro	110.3	
chr     	22	2466309	2466383	Arg	CCT	0	0	62.5	30.50	32.00	Arg	77.7	
chr     	23	2520931	2521006	Val	TAC	0	0	84.6	59.00	25.60	Val	110.9	
chr     	24	2521051	2521126	Val	TAC	0	0	84.6	59.00	25.60	Val	110.9	
chr     	25	2521173	2521248	Val	TAC	0	0	84.6	59.00	25.60	Val	110.9	
chr     	26	2521253	2521328	Lys	TTT	0	0	94.9	70.50	24.40	Lys	113.3	
chr     	27	2755859	2755955	Undet	NNN	0	0	29.6	22.30	7.30	Ile2	28.4	trunc_start:6
chr     	28	2947387	2947463	fMet	CAT	0	0	77.5	50.60	26.90	fMet	129.5	
chr     	29	2947497	2947573	fMet	CAT	0	0	77.5	50.60	26.90	fMet	129.5	
chr     	30	2947607	2947683	fMet	CAT	0	0	77.5	50.60	26.90	fMet	129.5	
chr     	31	3110366	3110441	Phe	GAA	0	0	75.3	45.80	29.50	Phe	104.8	
chr     	32	3215598	3215673	Ile2	CAT	0	0	85.1	56.20	28.90	Ile2	111.7	
chr     	33	3836222	3836316	SeC	TCA	0	0	142.5	0.00	0.00	SeC	142.5	
chr     	34	3943435	3943510	Glu	TTC	0	0	66.6	35.80	30.80	Glu	105.4	
chr     	35	3946872	3946948	Asp	GTC	0	0	85.5	71.10	14.40	Asp	128.1	
chr     	36	3946957	3947032	Trp	CCA	0	0	79.9	61.00	18.90	Trp	98.7	
chr     	37	3982375	3982451	Arg	CCG	0	0	82.2	62.70	19.50	Arg	104.0	
chr     	38	3982510	3982585	His	GTG	0	0	78.7	53.40	25.30	His	106.7	
chr     	39	3982606	3982692	Leu	CAG	0	0	67.1	42.20	24.90	Leu	109.1	
chr     	40	3982735	3982811	Pro	TGG	0	0	82.4	54.50	27.90	Pro	115.0	
chr     	41	4037141	4037217	Ile	GAT	0	0	75.8	47.60	28.20	Ile	110.9	
chr     	42	4037260	4037335	Ala	TGC	0	0	78.1	53.10	25.00	Ala	115.6	
chr     	43	4168372	4168447	Glu	TTC	0	0	66.6	35.80	30.80	Glu	105.4	
chr     	44	4175388	4175463	Thr	TGT	0	0	81.3	59.30	22.00	Thr	106.1	
chr     	45	4175472	4175556	Tyr	GTA	0	0	73.0	42.20	30.80	Tyr	118.5	
chr     	46	4175673	4175747	Gly	TCC	0	0	70.6	42.90	27.70	Gly	86.6	
chr     	47	4175754	4175829	Thr	GGT	0	0	84.7	50.10	34.60	Thr	103.0	
chr     	48	4209774	4209849	Glu	TTC	0	0	66.6	35.80	30.80	Glu	105.4	
chr     	49	4392360	4392435	Gly	GCC	0	0	88.4	61.80	26.60	Gly	113.7	
chr     	50	4392472	4392547	Gly	GCC	0	0	88.4	61.80	26.60	Gly	113.7	
chr     	51	4392583	4392658	Gly	GCC	0	0	88.4	61.80	26.60	Gly	113.7	
chr     	52	4496405	4496489	Leu	CAA	0	0	79.3	46.00	33.30	Leu	110.3	
chr     	53	4606401	4606315	Leu	CAG	0	0	67.1	42.20	24.90	Leu	109.1	
chr     	54	4606286	4606200	Leu	CAG	0	0	65.0	42.50	22.50	Leu	106.8	
chr     	55	4606165	4606079	Leu	CAG	0	0	67.1	42.20	24.90	Leu	109.1	
chr     	56	4362626	4362551	Phe	GAA	0	0	75.3	45.80	29.50	Phe	104.8	
chr     	57	3708692	3708616	Pro	CGG	0	0	76.0	43.90	32.10	Pro	109.5	
chr     	58	3427152	3427076	Ile	GAT	0	0	75.8	47.60	28.20	Ile	110.9	
chr     	59	3427033	3426958	Ala	TGC	0	0	78.1	53.10	25.00	Ala	115.6	
chr     	60	3423655	3423580	Thr	GGT	0	0	79.8	42.80	37.00	Thr	99.7	
chr     	61	3322158	3322072	Leu	GAG	0	0	64.5	38.70	25.80	Leu	103.6	
chr     	62	3318289	3318213	fMet	CAT	0	0	75.5	48.60	26.90	fMet	125.8	
chr     	63	2999057	2998984	Gly	CCC	0	0	81.1	54.70	26.40	Gly	100.5	
chr     	64	2818645	2818553	Ser	GCT	0	0	83.4	46.30	37.10	Ser	109.5	
chr     	65	2818549	2818473	Arg	ACG	0	0	85.1	59.80	25.30	Arg	100.6	
chr     	66	2818274	2818198	Arg	ACG	0	0	85.1	59.80	25.30	Arg	100.6	
chr     	67	2818135	2818059	Arg	ACG	0	0	85.1	59.80	25.30	Arg	100.6	
chr     	68	2817860	2817784	Arg	ACG	0	0	85.1	59.80	25.30	Arg	100.6	
chr     	69	2785837	2785762	Ile2	CAT	0	0	84.7	55.50	29.20	Ile2	112.8	
chr     	70	2729444	2729369	Glu	TTC	0	0	66.6	35.80	30.80	Glu	105.4	
chr     	71	2518231	2518156	Ala	GGC	0	0	75.0	52.50	22.50	Ala	114.0	
chr     	72	2518116	2518041	Ala	GGC	0	0	75.0	52.50	22.50	Ala	114.0	
chr     	73	2058102	2058027	Asn	GTT	0	0	79.7	48.60	31.10	Asn	115.2	
chr     	74	2043557	2043468	Ser	CGA	0	0	90.4	54.50	35.90	Ser	122.4	
chr     	75	1992117	1992042	Gly	GCC	0	0	88.4	61.80	26.60	Gly	113.7	
chr     	76	1991987	1991914	Cys	GCA	0	0	63.0	27.10	35.90	Cys	86.2	
chr     	77	1991901	1991815	Leu	TAA	0	0	71.7	41.40	30.30	Leu	101.8	
chr     	78	1287622	1287538	Tyr	GTA	0	0	72.2	43.00	29.20	Tyr	119.1	
chr     	79	1287328	1287244	Tyr	GTA	0	0	72.2	43.00	29.20	Tyr	119.1	
chr     	80	1097652	1097565	Ser	GGA	0	0	76.9	38.30	38.60	Ser	117.0	
chr     	81	1031712	1031625	Ser	TGA	0	0	83.5	47.20	36.30	Ser	103.3	
chr     	82	925971 	925884 	Ser	GGA	0	0	76.9	38.30	38.60	Ser	117.0	
chr     	83	697133 	697057 	Met	CAT	0	0	84.4	63.20	21.20	Met	111.6	
chr     	84	697047 	696963 	Leu	TAG	0	0	74.1	46.80	27.30	Leu	115.3	
chr     	85	696939 	696865 	Gln	TTG	0	0	70.4	38.40	32.00	Gln	101.4	
chr     	86	696830 	696756 	Gln	TTG	0	0	70.4	38.40	32.00	Gln	101.4	
chr     	87	696740 	696664 	Met	CAT	0	0	84.4	63.20	21.20	Met	111.6	
chr     	88	696616 	696542 	Gln	CTG	0	0	70.8	39.90	30.90	Gln	100.0	
chr     	89	696504 	696430 	Gln	CTG	0	0	70.8	39.90	30.90	Gln	100.0	
